This is pdfTeX, Version 3.1415926-1.40.11 (MiKTeX 2.9) (preloaded format=pdflatex 2012.7.26)  27 SEP 2012 15:58
entering extended mode
**C:/Users/paul.conn/git/HierarchicalDS/HierarchicalDS/TWS2012_Conn.tex
(C:/Users/paul.conn/git/HierarchicalDS/HierarchicalDS/TWS2012_Conn.tex
LaTeX2e <2009/09/24>
Babel <v3.8l> and hyphenation patterns for english, afrikaans, ancientgreek, ar
abic, armenian, assamese, basque, bengali, bokmal, bulgarian, catalan, coptic, 
croatian, czech, danish, dutch, esperanto, estonian, farsi, finnish, french, ga
lician, german, german-x-2009-06-19, greek, gujarati, hindi, hungarian, iceland
ic, indonesian, interlingua, irish, italian, kannada, kurmanji, lao, latin, lat
vian, lithuanian, malayalam, marathi, mongolian, mongolianlmc, monogreek, ngerm
an, ngerman-x-2009-06-19, nynorsk, oriya, panjabi, pinyin, polish, portuguese, 
romanian, russian, sanskrit, serbian, slovak, slovenian, spanish, swedish, swis
sgerman, tamil, telugu, turkish, turkmen, ukenglish, ukrainian, uppersorbian, u
senglishmax, welsh, loaded.
("C:\Program Files (x86)\MiKTeX 2.9\tex\latex\beamer\beamer.cls"
("C:\Program Files (x86)\MiKTeX 2.9\tex\latex\beamer\beamerbasercs.sty"
Package: beamerbasercs 2012/03/29 (rcs-revision d945f8a06d90)
)
Document Class: beamer 2011/09/12 development version 3.16 A class for typesett
ing presentations (rcs-revision 70f9d8411e54)
("C:\Program Files (x86)\MiKTeX 2.9\tex\latex\beamer\beamerbasemodes.sty"
Package: beamerbasemodes 2010/05/01 (rcs-revision efa082c6111d)
\beamer@tempbox=\box26
\beamer@tempcount=\count79
\c@beamerpauses=\count80

("C:\Program Files (x86)\MiKTeX 2.9\tex\latex\beamer\beamerbasedecode.sty"
Package: beamerbasedecode 2010/05/01 (rcs-revision efa082c6111d)
\beamer@slideinframe=\count81
\beamer@minimum=\count82
)
\beamer@commentbox=\box27
\beamer@modecount=\count83
)
("C:\Program Files (x86)\MiKTeX 2.9\tex\generic\oberdiek\ifpdf.sty"
Package: ifpdf 2010/01/28 v2.1 Provides the ifpdf switch (HO)
Package ifpdf Info: pdfTeX in pdf mode detected.
)
\headheight=\dimen102
\headdp=\dimen103
\footheight=\dimen104
\sidebarheight=\dimen105
\beamer@tempdim=\dimen106
\beamer@finalheight=\dimen107
\beamer@animht=\dimen108
\beamer@animdp=\dimen109
\beamer@animwd=\dimen110
\beamer@leftmargin=\dimen111
\beamer@rightmargin=\dimen112
\beamer@leftsidebar=\dimen113
\beamer@rightsidebar=\dimen114
\beamer@boxsize=\dimen115
\beamer@vboxoffset=\dimen116
\beamer@descdefault=\dimen117
\beamer@descriptionwidth=\dimen118
\beamer@lastskip=\skip41
\beamer@areabox=\box28
\beamer@animcurrent=\box29
\beamer@animshowbox=\box30
\beamer@sectionbox=\box31
\beamer@logobox=\box32
\beamer@linebox=\box33
\beamer@sectioncount=\count84
\beamer@subsubsectionmax=\count85
\beamer@subsectionmax=\count86
\beamer@sectionmax=\count87
\beamer@totalheads=\count88
\beamer@headcounter=\count89
\beamer@partstartpage=\count90
\beamer@sectionstartpage=\count91
\beamer@subsectionstartpage=\count92
\beamer@animationtempa=\count93
\beamer@animationtempb=\count94
\beamer@xpos=\count95
\beamer@ypos=\count96
\beamer@showpartnumber=\count97
\beamer@currentsubsection=\count98
\beamer@coveringdepth=\count99
\beamer@sectionadjust=\count100
\beamer@tocsectionnumber=\count101

("C:\Program Files (x86)\MiKTeX 2.9\tex\latex\beamer\beamerbaseoptions.sty"
Package: beamerbaseoptions 2010/04/27 (rcs-revision 982469101dd6)

("C:\Program Files (x86)\MiKTeX 2.9\tex\latex\graphics\keyval.sty"
Package: keyval 1999/03/16 v1.13 key=value parser (DPC)
\KV@toks@=\toks14
))
\beamer@paperwidth=\skip42
\beamer@paperheight=\skip43

("C:\Program Files (x86)\MiKTeX 2.9\tex\latex\geometry\geometry.sty"
Package: geometry 2010/09/12 v5.6 Page Geometry

("C:\Program Files (x86)\MiKTeX 2.9\tex\generic\oberdiek\ifvtex.sty"
Package: ifvtex 2010/03/01 v1.5 Switches for detecting VTeX and its modes (HO)
Package ifvtex Info: VTeX not detected.
)
("C:\Program Files (x86)\MiKTeX 2.9\tex\generic\ifxetex\ifxetex.sty"
Package: ifxetex 2010/09/12 v0.6 Provides ifxetex conditional
)
\Gm@cnth=\count102
\Gm@cntv=\count103
\c@Gm@tempcnt=\count104
\Gm@bindingoffset=\dimen119
\Gm@wd@mp=\dimen120
\Gm@odd@mp=\dimen121
\Gm@even@mp=\dimen122
\Gm@layoutwidth=\dimen123
\Gm@layoutheight=\dimen124
\Gm@layouthoffset=\dimen125
\Gm@layoutvoffset=\dimen126
\Gm@dimlist=\toks15

("C:\Program Files (x86)\MiKTeX 2.9\tex\latex\geometry\geometry.cfg"))

Class beamer Warning: ``serif'' is obsolete. Use font theme ``serif'' instead o
n input line 343.


Class beamer Warning: ``mathserif'' is obsolete. Use font theme ``serif'' with 
option ``onlymath'' on input line 343.

("C:\Program Files (x86)\MiKTeX 2.9\tex\latex\base\size11.clo"
File: size11.clo 2007/10/19 v1.4h Standard LaTeX file (size option)
)
("C:\Program Files (x86)\MiKTeX 2.9\tex\latex\pgf\basiclayer\pgfcore.sty"
("C:\Program Files (x86)\MiKTeX 2.9\tex\latex\graphics\graphicx.sty"
Package: graphicx 1999/02/16 v1.0f Enhanced LaTeX Graphics (DPC,SPQR)

("C:\Program Files (x86)\MiKTeX 2.9\tex\latex\graphics\graphics.sty"
Package: graphics 2009/02/05 v1.0o Standard LaTeX Graphics (DPC,SPQR)

("C:\Program Files (x86)\MiKTeX 2.9\tex\latex\graphics\trig.sty"
Package: trig 1999/03/16 v1.09 sin cos tan (DPC)
)
("C:\Program Files (x86)\MiKTeX 2.9\tex\latex\00miktex\graphics.cfg"
File: graphics.cfg 2007/01/18 v1.5 graphics configuration of teTeX/TeXLive
)
Package graphics Info: Driver file: pdftex.def on input line 91.

("C:\Program Files (x86)\MiKTeX 2.9\tex\latex\pdftex-def\pdftex.def"
File: pdftex.def 2010/09/14 v0.05b Graphics/color for pdfTeX
\Gread@gobject=\count105
))
\Gin@req@height=\dimen127
\Gin@req@width=\dimen128
)
("C:\Program Files (x86)\MiKTeX 2.9\tex\latex\pgf\systemlayer\pgfsys.sty"
("C:\Program Files (x86)\MiKTeX 2.9\tex\latex\pgf\utilities\pgfrcs.sty"
("C:\Program Files (x86)\MiKTeX 2.9\tex\generic\pgf\utilities\pgfutil-common.te
x"
\pgfutil@everybye=\toks16
)
("C:\Program Files (x86)\MiKTeX 2.9\tex\generic\pgf\utilities\pgfutil-latex.def
"
\pgfutil@abb=\box34
 ("C:\Program Files (x86)\MiKTeX 2.9\tex\latex\ms\everyshi.sty"
Package: everyshi 2001/05/15 v3.00 EveryShipout Package (MS)
))
("C:\Program Files (x86)\MiKTeX 2.9\tex\generic\pgf\utilities\pgfrcs.code.tex"
Package: pgfrcs 2010/10/25 v2.10 (rcs-revision 1.24)
))
("C:\Program Files (x86)\MiKTeX 2.9\tex\generic\pgf\systemlayer\pgfsys.code.tex
"
Package: pgfsys 2010/06/30 v2.10 (rcs-revision 1.37)
 ("C:\Program Files (x86)\MiKTeX 2.9\tex\generic\pgf\utilities\pgfkeys.code.tex
"
\pgfkeys@pathtoks=\toks17
\pgfkeys@temptoks=\toks18

("C:\Program Files (x86)\MiKTeX 2.9\tex\generic\pgf\utilities\pgfkeysfiltered.c
ode.tex"
\pgfkeys@tmptoks=\toks19
))
\pgf@x=\dimen129
\pgf@y=\dimen130
\pgf@xa=\dimen131
\pgf@ya=\dimen132
\pgf@xb=\dimen133
\pgf@yb=\dimen134
\pgf@xc=\dimen135
\pgf@yc=\dimen136
\w@pgf@writea=\write3
\r@pgf@reada=\read1
\c@pgf@counta=\count106
\c@pgf@countb=\count107
\c@pgf@countc=\count108
\c@pgf@countd=\count109

("C:\Program Files (x86)\MiKTeX 2.9\tex\generic\pgf\systemlayer\pgf.cfg"
File: pgf.cfg 2008/05/14  (rcs-revision 1.7)
)
Package pgfsys Info: Driver file for pgf: pgfsys-pdftex.def on input line 900.

("C:\Program Files (x86)\MiKTeX 2.9\tex\generic\pgf\systemlayer\pgfsys-pdftex.d
ef"
File: pgfsys-pdftex.def 2009/05/22  (rcs-revision 1.26)

("C:\Program Files (x86)\MiKTeX 2.9\tex\generic\pgf\systemlayer\pgfsys-common-p
df.def"
File: pgfsys-common-pdf.def 2008/05/19  (rcs-revision 1.10)
)))
("C:\Program Files (x86)\MiKTeX 2.9\tex\generic\pgf\systemlayer\pgfsyssoftpath.
code.tex"
File: pgfsyssoftpath.code.tex 2008/07/18  (rcs-revision 1.7)
\pgfsyssoftpath@smallbuffer@items=\count110
\pgfsyssoftpath@bigbuffer@items=\count111
)
("C:\Program Files (x86)\MiKTeX 2.9\tex\generic\pgf\systemlayer\pgfsysprotocol.
code.tex"
File: pgfsysprotocol.code.tex 2006/10/16  (rcs-revision 1.4)
))
("\\afsc.noaa.gov\AKC-NMML\Users\paul.conn\Application Data\MiKTeX\2.9\tex\late
x\xcolor\xcolor.sty"
Package: xcolor 2007/01/21 v2.11 LaTeX color extensions (UK)

("C:\Program Files (x86)\MiKTeX 2.9\tex\latex\00miktex\color.cfg"
File: color.cfg 2007/01/18 v1.5 color configuration of teTeX/TeXLive
)
Package xcolor Info: Driver file: pdftex.def on input line 225.
Package xcolor Info: Model `cmy' substituted by `cmy0' on input line 1337.
Package xcolor Info: Model `hsb' substituted by `rgb' on input line 1341.
Package xcolor Info: Model `RGB' extended on input line 1353.
Package xcolor Info: Model `HTML' substituted by `rgb' on input line 1355.
Package xcolor Info: Model `Hsb' substituted by `hsb' on input line 1356.
Package xcolor Info: Model `tHsb' substituted by `hsb' on input line 1357.
Package xcolor Info: Model `HSB' substituted by `hsb' on input line 1358.
Package xcolor Info: Model `Gray' substituted by `gray' on input line 1359.
Package xcolor Info: Model `wave' substituted by `hsb' on input line 1360.
)
("C:\Program Files (x86)\MiKTeX 2.9\tex\generic\pgf\basiclayer\pgfcore.code.tex
"
Package: pgfcore 2010/04/11 v2.10 (rcs-revision 1.7)
 ("C:\Program Files (x86)\MiKTeX 2.9\tex\generic\pgf\math\pgfmath.code.tex"
("C:\Program Files (x86)\MiKTeX 2.9\tex\generic\pgf\math\pgfmathcalc.code.tex"
("C:\Program Files (x86)\MiKTeX 2.9\tex\generic\pgf\math\pgfmathutil.code.tex")
("C:\Program Files (x86)\MiKTeX 2.9\tex\generic\pgf\math\pgfmathparser.code.tex
"
\pgfmath@dimen=\dimen137
\pgfmath@count=\count112
\pgfmath@box=\box35
\pgfmath@toks=\toks20
\pgfmath@stack@operand=\toks21
\pgfmath@stack@operation=\toks22
)
("C:\Program Files (x86)\MiKTeX 2.9\tex\generic\pgf\math\pgfmathfunctions.code.
tex"
("C:\Program Files (x86)\MiKTeX 2.9\tex\generic\pgf\math\pgfmathfunctions.basic
.code.tex")
("C:\Program Files (x86)\MiKTeX 2.9\tex\generic\pgf\math\pgfmathfunctions.trigo
nometric.code.tex")
("C:\Program Files (x86)\MiKTeX 2.9\tex\generic\pgf\math\pgfmathfunctions.rando
m.code.tex")
("C:\Program Files (x86)\MiKTeX 2.9\tex\generic\pgf\math\pgfmathfunctions.compa
rison.code.tex")
("C:\Program Files (x86)\MiKTeX 2.9\tex\generic\pgf\math\pgfmathfunctions.base.
code.tex")
("C:\Program Files (x86)\MiKTeX 2.9\tex\generic\pgf\math\pgfmathfunctions.round
.code.tex")
("C:\Program Files (x86)\MiKTeX 2.9\tex\generic\pgf\math\pgfmathfunctions.misc.
code.tex")))
("C:\Program Files (x86)\MiKTeX 2.9\tex\generic\pgf\math\pgfmathfloat.code.tex"
\c@pgfmathroundto@lastzeros=\count113
))
("C:\Program Files (x86)\MiKTeX 2.9\tex\generic\pgf\basiclayer\pgfcorepoints.co
de.tex"
File: pgfcorepoints.code.tex 2010/04/09  (rcs-revision 1.20)
\pgf@picminx=\dimen138
\pgf@picmaxx=\dimen139
\pgf@picminy=\dimen140
\pgf@picmaxy=\dimen141
\pgf@pathminx=\dimen142
\pgf@pathmaxx=\dimen143
\pgf@pathminy=\dimen144
\pgf@pathmaxy=\dimen145
\pgf@xx=\dimen146
\pgf@xy=\dimen147
\pgf@yx=\dimen148
\pgf@yy=\dimen149
\pgf@zx=\dimen150
\pgf@zy=\dimen151
)
("C:\Program Files (x86)\MiKTeX 2.9\tex\generic\pgf\basiclayer\pgfcorepathconst
ruct.code.tex"
File: pgfcorepathconstruct.code.tex 2010/08/03  (rcs-revision 1.24)
\pgf@path@lastx=\dimen152
\pgf@path@lasty=\dimen153
)
("C:\Program Files (x86)\MiKTeX 2.9\tex\generic\pgf\basiclayer\pgfcorepathusage
.code.tex"
File: pgfcorepathusage.code.tex 2008/04/22  (rcs-revision 1.12)
\pgf@shorten@end@additional=\dimen154
\pgf@shorten@start@additional=\dimen155
)
("C:\Program Files (x86)\MiKTeX 2.9\tex\generic\pgf\basiclayer\pgfcorescopes.co
de.tex"
File: pgfcorescopes.code.tex 2010/09/08  (rcs-revision 1.34)
\pgfpic=\box36
\pgf@hbox=\box37
\pgf@layerbox@main=\box38
\pgf@picture@serial@count=\count114
)
("C:\Program Files (x86)\MiKTeX 2.9\tex\generic\pgf\basiclayer\pgfcoregraphicst
ate.code.tex"
File: pgfcoregraphicstate.code.tex 2008/04/22  (rcs-revision 1.9)
\pgflinewidth=\dimen156
)
("C:\Program Files (x86)\MiKTeX 2.9\tex\generic\pgf\basiclayer\pgfcoretransform
ations.code.tex"
File: pgfcoretransformations.code.tex 2009/06/10  (rcs-revision 1.11)
\pgf@pt@x=\dimen157
\pgf@pt@y=\dimen158
\pgf@pt@temp=\dimen159
)
("C:\Program Files (x86)\MiKTeX 2.9\tex\generic\pgf\basiclayer\pgfcorequick.cod
e.tex"
File: pgfcorequick.code.tex 2008/10/09  (rcs-revision 1.3)
)
("C:\Program Files (x86)\MiKTeX 2.9\tex\generic\pgf\basiclayer\pgfcoreobjects.c
ode.tex"
File: pgfcoreobjects.code.tex 2006/10/11  (rcs-revision 1.2)
)
("C:\Program Files (x86)\MiKTeX 2.9\tex\generic\pgf\basiclayer\pgfcorepathproce
ssing.code.tex"
File: pgfcorepathprocessing.code.tex 2008/10/09  (rcs-revision 1.8)
)
("C:\Program Files (x86)\MiKTeX 2.9\tex\generic\pgf\basiclayer\pgfcorearrows.co
de.tex"
File: pgfcorearrows.code.tex 2008/04/23  (rcs-revision 1.11)
)
("C:\Program Files (x86)\MiKTeX 2.9\tex\generic\pgf\basiclayer\pgfcoreshade.cod
e.tex"
File: pgfcoreshade.code.tex 2008/11/23  (rcs-revision 1.13)
\pgf@max=\dimen160
\pgf@sys@shading@range@num=\count115
)
("C:\Program Files (x86)\MiKTeX 2.9\tex\generic\pgf\basiclayer\pgfcoreimage.cod
e.tex"
File: pgfcoreimage.code.tex 2010/03/25  (rcs-revision 1.16)

("C:\Program Files (x86)\MiKTeX 2.9\tex\generic\pgf\basiclayer\pgfcoreexternal.
code.tex"
File: pgfcoreexternal.code.tex 2010/09/01  (rcs-revision 1.17)
\pgfexternal@startupbox=\box39
))
("C:\Program Files (x86)\MiKTeX 2.9\tex\generic\pgf\basiclayer\pgfcorelayers.co
de.tex"
File: pgfcorelayers.code.tex 2010/08/27  (rcs-revision 1.2)
)
("C:\Program Files (x86)\MiKTeX 2.9\tex\generic\pgf\basiclayer\pgfcoretranspare
ncy.code.tex"
File: pgfcoretransparency.code.tex 2008/01/17  (rcs-revision 1.2)
)
("C:\Program Files (x86)\MiKTeX 2.9\tex\generic\pgf\basiclayer\pgfcorepatterns.
code.tex"
File: pgfcorepatterns.code.tex 2009/07/02  (rcs-revision 1.3)
)))
("C:\Program Files (x86)\MiKTeX 2.9\tex\latex\pgf\utilities\xxcolor.sty"
Package: xxcolor 2003/10/24 ver 0.1
\XC@nummixins=\count116
\XC@countmixins=\count117
)
("C:\Program Files (x86)\MiKTeX 2.9\tex\latex\hyperref\hyperref.sty"
Package: hyperref 2010/10/30 v6.81t Hypertext links for LaTeX

("C:\Program Files (x86)\MiKTeX 2.9\tex\generic\oberdiek\ltxcmds.sty"
Package: ltxcmds 2010/04/26 v1.7 LaTeX kernel commands for general use (HO)
)
("C:\Program Files (x86)\MiKTeX 2.9\tex\generic\oberdiek\infwarerr.sty"
Package: infwarerr 2010/04/08 v1.3 Providing info/warning/message (HO)
)
("C:\Program Files (x86)\MiKTeX 2.9\tex\generic\oberdiek\kvsetkeys.sty"
Package: kvsetkeys 2010/03/01 v1.9 Key value parser (HO)

("C:\Program Files (x86)\MiKTeX 2.9\tex\generic\oberdiek\etexcmds.sty"
Package: etexcmds 2010/01/28 v1.3 Prefix for e-TeX command names (HO)
Package etexcmds Info: Could not find \expanded.
(etexcmds)             That can mean that you are not using pdfTeX 1.50 or
(etexcmds)             that some package has redefined \expanded.
(etexcmds)             In the latter case, load this package earlier.
))
("C:\Program Files (x86)\MiKTeX 2.9\tex\generic\oberdiek\pdfescape.sty"
Package: pdfescape 2010/03/01 v1.9 Provides hex, PDF name and string conversion
s (HO)

("C:\Program Files (x86)\MiKTeX 2.9\tex\generic\oberdiek\pdftexcmds.sty"
Package: pdftexcmds 2010/04/01 v0.9 Utility functions of pdfTeX for LuaTeX (HO)


("C:\Program Files (x86)\MiKTeX 2.9\tex\generic\oberdiek\ifluatex.sty"
Package: ifluatex 2010/03/01 v1.3 Provides the ifluatex switch (HO)
Package ifluatex Info: LuaTeX not detected.
)
Package pdftexcmds Info: LuaTeX not detected.
Package pdftexcmds Info: \pdf@primitive is available.
Package pdftexcmds Info: \pdf@ifprimitive is available.
))
("C:\Program Files (x86)\MiKTeX 2.9\tex\latex\oberdiek\hycolor.sty"
Package: hycolor 2009/12/12 v1.6 Color options of hyperref/bookmark (HO)

("C:\Program Files (x86)\MiKTeX 2.9\tex\latex\oberdiek\xcolor-patch.sty"
Package: xcolor-patch 2009/12/12 xcolor patch
))
("C:\Program Files (x86)\MiKTeX 2.9\tex\latex\oberdiek\letltxmacro.sty"
Package: letltxmacro 2008/06/24 v1.3 Let assignment for LaTeX macros (HO)
)
("C:\Program Files (x86)\MiKTeX 2.9\tex\latex\oberdiek\kvoptions.sty"
Package: kvoptions 2010/02/22 v3.7 Keyval support for LaTeX options (HO)
)
\@linkdim=\dimen161
\Hy@linkcounter=\count118
\Hy@pagecounter=\count119

("C:\Program Files (x86)\MiKTeX 2.9\tex\latex\hyperref\pd1enc.def"
File: pd1enc.def 2010/10/30 v6.81t Hyperref: PDFDocEncoding definition (HO)
)
("C:\Program Files (x86)\MiKTeX 2.9\tex\generic\oberdiek\intcalc.sty"
Package: intcalc 2007/09/27 v1.1 Expandable integer calculations (HO)
)
\Hy@SavedSpaceFactor=\count120

("C:\Program Files (x86)\MiKTeX 2.9\tex\latex\00miktex\hyperref.cfg"
File: hyperref.cfg 2002/06/06 v1.2 hyperref configuration of TeXLive
)
Package hyperref Info: Option `bookmarks' set `true' on input line 3872.
Package hyperref Info: Option `bookmarksopen' set `true' on input line 3872.
Package hyperref Info: Option `implicit' set `false' on input line 3872.
Package hyperref Info: Hyper figures OFF on input line 3976.
Package hyperref Info: Link nesting OFF on input line 3981.
Package hyperref Info: Hyper index ON on input line 3984.
Package hyperref Info: Plain pages OFF on input line 3991.
Package hyperref Info: Backreferencing OFF on input line 3996.
Package hyperref Info: Implicit mode OFF; no redefinition of LaTeX internals.
Package hyperref Info: Bookmarks ON on input line 4211.
\c@Hy@tempcnt=\count121

("C:\Program Files (x86)\MiKTeX 2.9\tex\latex\ltxmisc\url.sty"
\Urlmuskip=\muskip10
Package: url 2006/04/12  ver 3.3  Verb mode for urls, etc.
)
LaTeX Info: Redefining \url on input line 4566.

("C:\Program Files (x86)\MiKTeX 2.9\tex\generic\oberdiek\bitset.sty"
Package: bitset 2007/09/28 v1.0 Data type bit set (HO)

("C:\Program Files (x86)\MiKTeX 2.9\tex\generic\oberdiek\bigintcalc.sty"
Package: bigintcalc 2007/11/11 v1.1 Expandable big integer calculations (HO)
))
\Fld@menulength=\count122
\Field@Width=\dimen162
\Fld@charsize=\dimen163
Package hyperref Info: Hyper figures OFF on input line 5626.
Package hyperref Info: Link nesting OFF on input line 5631.
Package hyperref Info: Hyper index ON on input line 5634.
Package hyperref Info: backreferencing OFF on input line 5641.
Package hyperref Info: Link coloring OFF on input line 5646.
Package hyperref Info: Link coloring with OCG OFF on input line 5651.
Package hyperref Info: PDF/A mode OFF on input line 5656.
LaTeX Info: Redefining \ref on input line 5696.
LaTeX Info: Redefining \pageref on input line 5700.

("C:\Program Files (x86)\MiKTeX 2.9\tex\generic\oberdiek\atbegshi.sty"
Package: atbegshi 2010/03/25 v1.12 At begin shipout hook (HO)
)
\Hy@abspage=\count123


Package hyperref Message: Stopped early.

)

Package hyperref Message: Driver (autodetected): hpdftex.

("C:\Program Files (x86)\MiKTeX 2.9\tex\latex\hyperref\hpdftex.def"
File: hpdftex.def 2010/10/30 v6.81t Hyperref driver for pdfTeX

("C:\Program Files (x86)\MiKTeX 2.9\tex\latex\oberdiek\atveryend.sty"
Package: atveryend 2010/03/24 v1.5 Hooks at very end of document (HO)
Package atveryend Info: \enddocument detected (standard).
)
\Fld@listcount=\count124
\c@bookmark@seq@number=\count125

("C:\Program Files (x86)\MiKTeX 2.9\tex\latex\oberdiek\rerunfilecheck.sty"
Package: rerunfilecheck 2010/03/16 v1.6 Rerun checks for auxiliary files (HO)

("C:\Program Files (x86)\MiKTeX 2.9\tex\generic\oberdiek\uniquecounter.sty"
Package: uniquecounter 2009/12/18 v1.1 Provides unlimited unique counter (HO)
)
Package uniquecounter Info: New unique counter `rerunfilecheck' on input line 2
71.
))
("C:\Program Files (x86)\MiKTeX 2.9\tex\latex\beamer\beamerbaserequires.sty"
Package: beamerbaserequires 2010/05/01  (rcs-revision efa082c6111d)

("C:\Program Files (x86)\MiKTeX 2.9\tex\latex\beamer\beamerbasecompatibility.st
y"
Package: beamerbasecompatibility 2011/09/24  (rcs-revision 17e820568435)
) ("C:\Program Files (x86)\MiKTeX 2.9\tex\latex\beamer\beamerbasefont.sty"
Package: beamerbasefont 2010/10/26  (rcs-revision f39336aafb3c)

("C:\Program Files (x86)\MiKTeX 2.9\tex\latex\amsfonts\amssymb.sty"
Package: amssymb 2009/06/22 v3.00

("C:\Program Files (x86)\MiKTeX 2.9\tex\latex\amsfonts\amsfonts.sty"
Package: amsfonts 2009/06/22 v3.00 Basic AMSFonts support
\@emptytoks=\toks23
\symAMSa=\mathgroup4
\symAMSb=\mathgroup5
LaTeX Font Info:    Overwriting math alphabet `\mathfrak' in version `bold'
(Font)                  U/euf/m/n --> U/euf/b/n on input line 96.
)))
("C:\Program Files (x86)\MiKTeX 2.9\tex\latex\beamer\beamerbasetranslator.sty"
Package: beamerbasetranslator 2010/06/11  (rcs-revision 85fd1cc7fc42)

("C:\Program Files (x86)\MiKTeX 2.9\tex\latex\beamer\translator\translator.sty"
Package: translator 2010/06/12 ver 1.10

("C:\Program Files (x86)\MiKTeX 2.9\tex\latex\beamer\translator\translator-lang
uage-mappings.tex")))
("C:\Program Files (x86)\MiKTeX 2.9\tex\latex\beamer\beamerbasemisc.sty"
Package: beamerbasemisc 2012/02/24  (rcs-revision 2ff5461be705)
)
("C:\Program Files (x86)\MiKTeX 2.9\tex\latex\beamer\beamerbasetwoscreens.sty"
Package: beamerbasetwoscreens 2010/05/01  (rcs-revision efa082c6111d)
) ("C:\Program Files (x86)\MiKTeX 2.9\tex\latex\beamer\beamerbaseoverlay.sty"
Package: beamerbaseoverlay 2012/02/22  (rcs-revision 1e3e174835fb)
\beamer@argscount=\count126
\beamer@lastskipcover=\skip44
\beamer@trivlistdepth=\count127
)
("C:\Program Files (x86)\MiKTeX 2.9\tex\latex\beamer\beamerbasetitle.sty"
Package: beamerbasetitle 2010/09/21  (rcs-revision f0446ed0b6ae)
)
("C:\Program Files (x86)\MiKTeX 2.9\tex\latex\beamer\beamerbasesection.sty"
Package: beamerbasesection 2012/02/22  (rcs-revision 9a2581f9efb6)
\c@lecture=\count128
\c@part=\count129
\c@section=\count130
\c@subsection=\count131
\c@subsubsection=\count132
)
("C:\Program Files (x86)\MiKTeX 2.9\tex\latex\beamer\beamerbaseframe.sty"
Package: beamerbaseframe 2011/09/12  (rcs-revision 70f9d8411e54)
\beamer@framebox=\box40
\beamer@frametitlebox=\box41
\beamer@zoombox=\box42
\beamer@zoomcount=\count133
\beamer@zoomframecount=\count134
\beamer@frametextheight=\dimen164
\c@subsectionslide=\count135
\beamer@frametopskip=\skip45
\beamer@framebottomskip=\skip46
\beamer@frametopskipautobreak=\skip47
\beamer@framebottomskipautobreak=\skip48
\beamer@envbody=\toks24
\c@framenumber=\count136
)
("C:\Program Files (x86)\MiKTeX 2.9\tex\latex\beamer\beamerbaseverbatim.sty"
Package: beamerbaseverbatim 2011/09/12  (rcs-revision 70f9d8411e54)
\beamer@verbatimfileout=\write4
)
("C:\Program Files (x86)\MiKTeX 2.9\tex\latex\beamer\beamerbaseframesize.sty"
Package: beamerbaseframesize 2011/09/12  (rcs-revision 70f9d8411e54)
\beamer@splitbox=\box43
\beamer@autobreakcount=\count137
\beamer@autobreaklastheight=\dimen165
\beamer@frametitletoks=\toks25
\beamer@framesubtitletoks=\toks26
)
("C:\Program Files (x86)\MiKTeX 2.9\tex\latex\beamer\beamerbaseframecomponents.
sty"
Package: beamerbaseframecomponents 2012/03/07  (rcs-revision 9f094699ce15)
\beamer@footins=\box44
) ("C:\Program Files (x86)\MiKTeX 2.9\tex\latex\beamer\beamerbasecolor.sty"
Package: beamerbasecolor 2010/06/06  (rcs-revision d1a9b48be06d)
) ("C:\Program Files (x86)\MiKTeX 2.9\tex\latex\beamer\beamerbasenotes.sty"
Package: beamerbasenotes 2010/05/01  (rcs-revision efa082c6111d)
\beamer@frameboxcopy=\box45
)
("C:\Program Files (x86)\MiKTeX 2.9\tex\latex\beamer\beamerbasetoc.sty"
Package: beamerbasetoc 2012/02/28  (rcs-revision 138681b92320)
)
("C:\Program Files (x86)\MiKTeX 2.9\tex\latex\beamer\beamerbasetemplates.sty"
Package: beamerbasetemplates 2010/05/01  (rcs-revision efa082c6111d)
\beamer@sbttoks=\toks27

("C:\Program Files (x86)\MiKTeX 2.9\tex\latex\beamer\beamerbaseauxtemplates.sty
"
Package: beamerbaseauxtemplates 2012/03/13  (rcs-revision e172a8ead951)
 ("C:\Program Files (x86)\MiKTeX 2.9\tex\latex\beamer\beamerbaseboxes.sty"
Package: beamerbaseboxes 2010/05/01  (rcs-revision efa082c6111d)
\bmb@box=\box46
\bmb@colorbox=\box47
\bmb@boxshadow=\box48
\bmb@boxshadowball=\box49
\bmb@boxshadowballlarge=\box50
\bmb@temp=\dimen166
\bmb@dima=\dimen167
\bmb@dimb=\dimen168
\bmb@prevheight=\dimen169
)
\beamer@blockheadheight=\dimen170
))
("C:\Program Files (x86)\MiKTeX 2.9\tex\latex\beamer\beamerbaselocalstructure.s
ty"
Package: beamerbaselocalstructure 2012/03/11  (rcs-revision 96ee3b332f84)
 ("C:\Program Files (x86)\MiKTeX 2.9\tex\latex\tools\enumerate.sty"
Package: enumerate 1999/03/05 v3.00 enumerate extensions (DPC)
\@enLab=\toks28
)
\c@figure=\count138
\c@table=\count139
\abovecaptionskip=\skip49
\belowcaptionskip=\skip50
)
("C:\Program Files (x86)\MiKTeX 2.9\tex\latex\beamer\beamerbasenavigation.sty"
Package: beamerbasenavigation 2012/03/10  (rcs-revision 0064b7fe9b39)
\beamer@section@min@dim=\dimen171
) ("C:\Program Files (x86)\MiKTeX 2.9\tex\latex\beamer\beamerbasetheorems.sty"
Package: beamerbasetheorems 2010/06/06  (rcs-revision 7e7cc5e53e9d)

("C:\Program Files (x86)\MiKTeX 2.9\tex\latex\ams\math\amsmath.sty"
Package: amsmath 2000/07/18 v2.13 AMS math features
\@mathmargin=\skip51

For additional information on amsmath, use the `?' option.
("C:\Program Files (x86)\MiKTeX 2.9\tex\latex\ams\math\amstext.sty"
Package: amstext 2000/06/29 v2.01

("C:\Program Files (x86)\MiKTeX 2.9\tex\latex\ams\math\amsgen.sty"
File: amsgen.sty 1999/11/30 v2.0
\@emptytoks=\toks29
\ex@=\dimen172
))
("C:\Program Files (x86)\MiKTeX 2.9\tex\latex\ams\math\amsbsy.sty"
Package: amsbsy 1999/11/29 v1.2d
\pmbraise@=\dimen173
)
("C:\Program Files (x86)\MiKTeX 2.9\tex\latex\ams\math\amsopn.sty"
Package: amsopn 1999/12/14 v2.01 operator names
)
\inf@bad=\count140
LaTeX Info: Redefining \frac on input line 211.
\uproot@=\count141
\leftroot@=\count142
LaTeX Info: Redefining \overline on input line 307.
\classnum@=\count143
\DOTSCASE@=\count144
LaTeX Info: Redefining \ldots on input line 379.
LaTeX Info: Redefining \dots on input line 382.
LaTeX Info: Redefining \cdots on input line 467.
\Mathstrutbox@=\box51
\strutbox@=\box52
\big@size=\dimen174
LaTeX Font Info:    Redeclaring font encoding OML on input line 567.
LaTeX Font Info:    Redeclaring font encoding OMS on input line 568.
\macc@depth=\count145
\c@MaxMatrixCols=\count146
\dotsspace@=\muskip11
\c@parentequation=\count147
\dspbrk@lvl=\count148
\tag@help=\toks30
\row@=\count149
\column@=\count150
\maxfields@=\count151
\andhelp@=\toks31
\eqnshift@=\dimen175
\alignsep@=\dimen176
\tagshift@=\dimen177
\tagwidth@=\dimen178
\totwidth@=\dimen179
\lineht@=\dimen180
\@envbody=\toks32
\multlinegap=\skip52
\multlinetaggap=\skip53
\mathdisplay@stack=\toks33
LaTeX Info: Redefining \[ on input line 2666.
LaTeX Info: Redefining \] on input line 2667.
)
("C:\Program Files (x86)\MiKTeX 2.9\tex\latex\ams\classes\amsthm.sty"
Package: amsthm 2004/08/06 v2.20
\thm@style=\toks34
\thm@bodyfont=\toks35
\thm@headfont=\toks36
\thm@notefont=\toks37
\thm@headpunct=\toks38
\thm@preskip=\skip54
\thm@postskip=\skip55
\thm@headsep=\skip56
\dth@everypar=\toks39
)
\c@theorem=\count152
)
("C:\Program Files (x86)\MiKTeX 2.9\tex\latex\beamer\beamerbasethemes.sty"
Package: beamerbasethemes 2010/05/01  (rcs-revision efa082c6111d)
))
("C:\Program Files (x86)\MiKTeX 2.9\tex\latex\beamer\themes\theme\beamerthemede
fault.sty"
Package: beamerthemedefault 2010/06/17  (rcs-revision d02a7cf4d8ae)

("C:\Program Files (x86)\MiKTeX 2.9\tex\latex\beamer\themes\font\beamerfontthem
edefault.sty"
Package: beamerfontthemedefault 2010/06/17  (rcs-revision d02a7cf4d8ae)
)
("C:\Program Files (x86)\MiKTeX 2.9\tex\latex\beamer\themes\color\beamercolorth
emedefault.sty"
Package: beamercolorthemedefault 2010/06/17  (rcs-revision d02a7cf4d8ae)
)
("C:\Program Files (x86)\MiKTeX 2.9\tex\latex\beamer\themes\inner\beamerinnerth
emedefault.sty"
Package: beamerinnerthemedefault 2012/03/13  (rcs-revision e172a8ead951)
\beamer@dima=\dimen181
\beamer@dimb=\dimen182
)
("C:\Program Files (x86)\MiKTeX 2.9\tex\latex\beamer\themes\outer\beamerouterth
emedefault.sty"
Package: beamerouterthemedefault 2010/06/17  (rcs-revision d02a7cf4d8ae)
)))
("C:\Program Files (x86)\MiKTeX 2.9\tex\latex\graphics\epsfig.sty"
Package: epsfig 1999/02/16 v1.7a (e)psfig emulation (SPQR)
\epsfxsize=\dimen183
\epsfysize=\dimen184
)
("C:\Program Files (x86)\MiKTeX 2.9\tex\latex\tools\xspace.sty"
Package: xspace 2006/05/08 v1.12 Space after command names (DPC,MH)
)
("C:\Program Files (x86)\MiKTeX 2.9\tex\latex\colortbl\colortbl.sty"
Package: colortbl 2001/02/13 v0.1j Color table columns (DPC)

("C:\Program Files (x86)\MiKTeX 2.9\tex\latex\tools\array.sty"
Package: array 2008/09/09 v2.4c Tabular extension package (FMi)
\col@sep=\dimen185
\extrarowheight=\dimen186
\NC@list=\toks40
\extratabsurround=\skip57
\backup@length=\skip58
)
\everycr=\toks41
\minrowclearance=\skip59
)
("\\afsc.noaa.gov\AKC-NMML\Users\paul.conn\Application Data\MiKTeX\2.9\tex\late
x\natbib\natbib.sty"
Package: natbib 2010/09/13 8.31b (PWD, AO)
\bibhang=\skip60
\bibsep=\skip61
LaTeX Info: Redefining \cite on input line 694.
\c@NAT@ctr=\count153
)
("C:\Program Files (x86)\MiKTeX 2.9\tex\latex\algorithms\algorithm.sty"
Package: algorithm 2009/08/24 v0.1 Document Style `algorithm' - floating enviro
nment

("C:\Program Files (x86)\MiKTeX 2.9\tex\latex\float\float.sty"
Package: float 2001/11/08 v1.3d Float enhancements (AL)
\c@float@type=\count154
\float@exts=\toks42
\float@box=\box53
\@float@everytoks=\toks43
\@floatcapt=\box54
)
("C:\Program Files (x86)\MiKTeX 2.9\tex\latex\base\ifthen.sty"
Package: ifthen 2001/05/26 v1.1c Standard LaTeX ifthen package (DPC)
)
\@float@every@algorithm=\toks44
\c@algorithm=\count155
)
("C:\Program Files (x86)\MiKTeX 2.9\tex\latex\algorithms\algorithmic.sty"
Package: algorithmic 2009/08/24 v0.1 Document Style `algorithmic'
\c@ALC@unique=\count156
\c@ALC@line=\count157
\c@ALC@rem=\count158
\c@ALC@depth=\count159
\ALC@tlm=\skip62
\algorithmicindent=\skip63
)
("C:\Program Files (x86)\MiKTeX 2.9\tex\latex\animate\animate.sty"
Package: animate 2011/12/20 PDF animations from files and inline graphics

("C:\Program Files (x86)\MiKTeX 2.9\tex\latex\oberdiek\ifdraft.sty"
Package: ifdraft 2008/08/11 v1.3 Switch for option draft (HO)
)
("C:\Program Files (x86)\MiKTeX 2.9\tex\latex\tools\calc.sty"
Package: calc 2007/08/22 v4.3 Infix arithmetic (KKT,FJ)
\calc@Acount=\count160
\calc@Bcount=\count161
\calc@Adimen=\dimen187
\calc@Bdimen=\dimen188
\calc@Askip=\skip64
\calc@Bskip=\skip65
LaTeX Info: Redefining \setlength on input line 76.
LaTeX Info: Redefining \addtolength on input line 77.
\calc@Ccount=\count162
\calc@Cskip=\skip66
)
("C:\Program Files (x86)\MiKTeX 2.9\tex\latex\animate\animfp.sty"
Package: animfp 2009/07/23 fixed point addition for animate.sty
\afp@xs=\count163
\afp@xia=\count164
\afp@xib=\count165
\afp@xfa=\count166
\afp@xfb=\count167
\afp@rega=\count168
\afp@regb=\count169
\afp@regs=\count170
)
("C:\Program Files (x86)\MiKTeX 2.9\tex\context\base\supp-pdf.mkii"
[Loading MPS to PDF converter (version 2006.09.02).]
\scratchcounter=\count171
\scratchdimen=\dimen189
\scratchbox=\box55
\nofMPsegments=\count172
\nofMParguments=\count173
\everyMPshowfont=\toks45
\MPscratchCnt=\count174
\MPscratchDim=\dimen190
\MPnumerator=\count175
\everyMPtoPDFconversion=\toks46
)
\@anim@@fields=\count176
\@anim@@ocgs=\count177
\@anim@@posterocgs=\count178
\@anim@box=\box56
\@anim@tmpdima=\dimen191
\@anim@tmpdimb=\dimen192
\@anim@num=\count179
\@anim@curframe=\count180
\@anim@curframe@zb=\count181
\@anim@resize=\count182
\@anim@skipfram=\count183
\@anim@mulframecnt=\count184
\@anim@@tmlnfile=\read2
\@anim@tmpcnt=\count185
\c@@anim@ltxcnt=\count186
\@anim@curlayer=\count187
\@anim@lineno=\count188
\@anim@begin=\toks47
\@anim@end=\toks48
) ("C:\Program Files (x86)\MiKTeX 2.9\tex\latex\movie15\movie15.sty"
Package: movie15 2012/03/16
\@MXV@page=\count189
\@MXV@adict=\count190
\@MXV@aadict=\count191
\@MXV@includes=\count192
\@MXV@players=\count193
\@MXV@links=\count194
\@MXV@width=\dimen193
\@MXV@height=\dimen194
\@MXV@depth=\dimen195
\@MXV@totalheight=\dimen196
\@MXV@@boxdepth=\dimen197
\@MXV@traiselen=\dimen198
\@MXV@braiselen=\dimen199
\@MXV@start=\dimen200
\@MXV@end=\dimen201
\@MXV@textbox=\box57
)
("C:\Program Files (x86)\MiKTeX 2.9\tex\latex\subfigure\subfigure.sty"
Package: subfigure 2002/07/30 v2.1.4 subfigure package
\subfigtopskip=\skip67
\subfigcapskip=\skip68
\subfigcaptopadj=\dimen202
\subfigbottomskip=\skip69
\subfigcapmargin=\dimen203
\subfiglabelskip=\skip70
\c@subfigure=\count195
\c@lofdepth=\count196
\c@subtable=\count197
\c@lotdepth=\count198

****************************************
* Local config file subfigure.cfg used *
****************************************
("C:\Program Files (x86)\MiKTeX 2.9\tex\latex\subfigure\subfigure.cfg")
\subfig@top=\skip71
\subfig@bottom=\skip72
)
("C:\Program Files (x86)\MiKTeX 2.9\tex\latex\ly1\texnansi.sty"
Package: texnansi 1998/05/30 v0.2 texnansi and ansinew support

("C:\Program Files (x86)\MiKTeX 2.9\tex\latex\base\fontenc.sty"
Package: fontenc 2005/09/27 v1.99g Standard LaTeX package

("C:\Program Files (x86)\MiKTeX 2.9\tex\latex\ly1\ly1enc.def"
File: ly1enc.def 2009/07/22 v0.7 TeX 'n ANSI encoding (DPC/KB)
)
LaTeX Font Info:    Try loading font information for LY1+ptm on input line 100.


("C:\Program Files (x86)\MiKTeX 2.9\tex\latex\ly1\ly1ptm.fd"
File: ly1ptm.fd 2001/02/01 font definitions for LY1/ptm using Berry names.
)))
("C:\Program Files (x86)\MiKTeX 2.9\tex\latex\marvosym\marvosym.sty"
Package: marvosym 2011/07/20 v2.2 Martin Vogel's Symbols font definitions
)
(C:\Users\paul.conn\git\HierarchicalDS\HierarchicalDS\TWS2012_Conn.aux)
LaTeX Font Info:    Checking defaults for OML/cmm/m/it on input line 44.
LaTeX Font Info:    ... okay on input line 44.
LaTeX Font Info:    Checking defaults for T1/cmr/m/n on input line 44.
LaTeX Font Info:    ... okay on input line 44.
LaTeX Font Info:    Checking defaults for OT1/cmr/m/n on input line 44.
LaTeX Font Info:    ... okay on input line 44.
LaTeX Font Info:    Checking defaults for OMS/cmsy/m/n on input line 44.
LaTeX Font Info:    ... okay on input line 44.
LaTeX Font Info:    Checking defaults for OMX/cmex/m/n on input line 44.
LaTeX Font Info:    ... okay on input line 44.
LaTeX Font Info:    Checking defaults for U/cmr/m/n on input line 44.
LaTeX Font Info:    ... okay on input line 44.
LaTeX Font Info:    Checking defaults for PD1/pdf/m/n on input line 44.
LaTeX Font Info:    ... okay on input line 44.
LaTeX Font Info:    Checking defaults for LY1/ptm/m/n on input line 44.
LaTeX Font Info:    ... okay on input line 44.
LaTeX Font Info:    Try loading font information for LY1+phv on input line 44.

("C:\Program Files (x86)\MiKTeX 2.9\tex\latex\ly1\ly1phv.fd"
File: ly1phv.fd 2001/02/01 scalable font definitions for LY1/phv using Berry na
mes.
)
*geometry* driver: auto-detecting
*geometry* detected driver: pdftex
*geometry* verbose mode - [ preamble ] result:
* driver: pdftex
* paper: custom
* layout: <same size as paper>
* layoutoffset:(h,v)=(0.0pt,0.0pt)
* modes: includehead includefoot 
* h-part:(L,W,R)=(28.45274pt, 307.28987pt, 28.45274pt)
* v-part:(T,H,B)=(0.0pt, 273.14662pt, 0.0pt)
* \paperwidth=364.19536pt
* \paperheight=273.14662pt
* \textwidth=307.28987pt
* \textheight=244.6939pt
* \oddsidemargin=-43.81725pt
* \evensidemargin=-43.81725pt
* \topmargin=-72.26999pt
* \headheight=14.22636pt
* \headsep=0.0pt
* \topskip=11.0pt
* \footskip=14.22636pt
* \marginparwidth=4.0pt
* \marginparsep=10.0pt
* \columnsep=10.0pt
* \skip\footins=10.0pt plus 4.0pt minus 2.0pt
* \hoffset=0.0pt
* \voffset=0.0pt
* \mag=1000
* \@twocolumnfalse
* \@twosidefalse
* \@mparswitchfalse
* \@reversemarginfalse
* (1in=72.27pt=25.4mm, 1cm=28.453pt)

("C:\Program Files (x86)\MiKTeX 2.9\tex\context\base\supp-pdf.mkii"
[Loading MPS to PDF converter (version 2006.09.02).]
\scratchcounter=\count199
\scratchdimen=\dimen204
\scratchbox=\box58
\nofMPsegments=\count200
\nofMParguments=\count201
\everyMPshowfont=\toks49
\MPscratchCnt=\count202
\MPscratchDim=\dimen205
\MPnumerator=\count203
\everyMPtoPDFconversion=\toks50
) ABD: EveryShipout initializing macros
\AtBeginShipoutBox=\box59
Package hyperref Info: Link coloring OFF on input line 44.

("C:\Program Files (x86)\MiKTeX 2.9\tex\latex\hyperref\nameref.sty"
Package: nameref 2010/04/30 v2.40 Cross-referencing by name of section

("C:\Program Files (x86)\MiKTeX 2.9\tex\latex\oberdiek\refcount.sty"
Package: refcount 2008/08/11 v3.1 Data extraction from references (HO)
)
("C:\Program Files (x86)\MiKTeX 2.9\tex\generic\oberdiek\gettitlestring.sty"
Package: gettitlestring 2009/12/18 v1.3 Cleanup title references (HO)
)
\c@section@level=\count204
)
LaTeX Info: Redefining \ref on input line 44.
LaTeX Info: Redefining \pageref on input line 44.
LaTeX Info: Redefining \nameref on input line 44.

(C:\Users\paul.conn\git\HierarchicalDS\HierarchicalDS\TWS2012_Conn.out)
(C:\Users\paul.conn\git\HierarchicalDS\HierarchicalDS\TWS2012_Conn.out)
\@outlinefile=\write5

("C:\Program Files (x86)\MiKTeX 2.9\tex\latex\beamer\translator\dicts\translato
r-basic-dictionary\translator-basic-dictionary-English.dict"
Dictionary: translator-basic-dictionary, Language: English 
)
("C:\Program Files (x86)\MiKTeX 2.9\tex\latex\beamer\translator\dicts\translato
r-bibliography-dictionary\translator-bibliography-dictionary-English.dict"
Dictionary: translator-bibliography-dictionary, Language: English 
)
("C:\Program Files (x86)\MiKTeX 2.9\tex\latex\beamer\translator\dicts\translato
r-environment-dictionary\translator-environment-dictionary-English.dict"
Dictionary: translator-environment-dictionary, Language: English 
)
("C:\Program Files (x86)\MiKTeX 2.9\tex\latex\beamer\translator\dicts\translato
r-months-dictionary\translator-months-dictionary-English.dict"
Dictionary: translator-months-dictionary, Language: English 
)
("C:\Program Files (x86)\MiKTeX 2.9\tex\latex\beamer\translator\dicts\translato
r-numbers-dictionary\translator-numbers-dictionary-English.dict"
Dictionary: translator-numbers-dictionary, Language: English 
)
("C:\Program Files (x86)\MiKTeX 2.9\tex\latex\beamer\translator\dicts\translato
r-theorem-dictionary\translator-theorem-dictionary-English.dict"
Dictionary: translator-theorem-dictionary, Language: English 
)
LaTeX Info: Redefining \includegraphics on input line 44.

(C:\Users\paul.conn\git\HierarchicalDS\HierarchicalDS\TWS2012_Conn.nav)
LaTeX Font Info:    Font shape `LY1/phv/m/it' in size <9> not available
(Font)              Font shape `LY1/phv/m/sl' tried instead on input line 68.

<c:/users/paul.conn/git/hierarchicalDS/presentations/images/NOAA-logo.pdf, id=4
2, 794.97pt x 614.295pt>
File: c:/users/paul.conn/git/hierarchicalDS/presentations/images/NOAA-logo.pdf 
Graphic file (type pdf)

<use c:/users/paul.conn/git/hierarchicalDS/presentations/images/NOAA-logo.pdf>
[1

{C:/Users/paul.conn/AppData/Local/MiKTeX/2.9/pdftex/config/pdftex.map} <c:/user
s/paul.conn/git/hierarchicalDS/presentations/images/NOAA-logo.pdf, page is rota
ted 90 degrees>] [2

] [3

] [4

] [5

] [6

] [7

]
LaTeX Font Info:    Try loading font information for U+msa on input line 94.

("C:\Program Files (x86)\MiKTeX 2.9\tex\latex\amsfonts\umsa.fd"
File: umsa.fd 2009/06/22 v3.00 AMS symbols A
)
LaTeX Font Info:    Try loading font information for U+msb on input line 94.

("C:\Program Files (x86)\MiKTeX 2.9\tex\latex\amsfonts\umsb.fd"
File: umsb.fd 2009/06/22 v3.00 AMS symbols B
)
<c:/users/paul.conn/git/hierarchicalDS/presentations/images/basic_pop.png, id=8
9, 674.52pt x 674.52pt>
File: c:/users/paul.conn/git/hierarchicalDS/presentations/images/basic_pop.png 
Graphic file (type png)

<use c:/users/paul.conn/git/hierarchicalDS/presentations/images/basic_pop.png>
Overfull \hbox (32.97652pt too wide) in paragraph at lines 94--94
[][]  
 []

[8

 <c:/users/paul.conn/git/hierarchicalDS/presentations/images/basic_pop.png (PNG
 copy)>]
<c:/users/paul.conn/git/hierarchicalDS/presentations/images/basic_pop_transects
.png, id=96, 674.52pt x 674.52pt>
File: c:/users/paul.conn/git/hierarchicalDS/presentations/images/basic_pop_tran
sects.png Graphic file (type png)

<use c:/users/paul.conn/git/hierarchicalDS/presentations/images/basic_pop_trans
ects.png>
Overfull \hbox (32.97652pt too wide) in paragraph at lines 104--104
[][]  
 []

[9

 <c:/users/paul.conn/git/hierarchicalDS/presentations/images/basic_pop_transect
s.png (PNG copy)>]
File: c:/users/paul.conn/git/hierarchicalDS/presentations/images/basic_pop_tran
sects.png Graphic file (type png)

<use c:/users/paul.conn/git/hierarchicalDS/presentations/images/basic_pop_trans
ects.png>
Overfull \hbox (32.97652pt too wide) in paragraph at lines 120--120
[][]  
 []

[10

]
<c:/users/paul.conn/git/hierarchicalDS/presentations/images/basic_pop_distances
.png, id=114, 674.52pt x 674.52pt>
File: c:/users/paul.conn/git/hierarchicalDS/presentations/images/basic_pop_dist
ances.png Graphic file (type png)

<use c:/users/paul.conn/git/hierarchicalDS/presentations/images/basic_pop_dista
nces.png>
Overfull \hbox (32.97652pt too wide) in paragraph at lines 132--132
[][]  
 []

[11

 <c:/users/paul.conn/git/hierarchicalDS/presentations/images/basic_pop_distance
s.png (PNG copy)>]
<c:/users/paul.conn/git/hierarchicalDS/presentations/images/distance_book.jpg, 
id=123, 120.45pt x 190.46156pt>
File: c:/users/paul.conn/git/hierarchicalDS/presentations/images/distance_book.
jpg Graphic file (type jpg)

<use c:/users/paul.conn/git/hierarchicalDS/presentations/images/distance_book.j
pg>
<c:/users/paul.conn/git/hierarchicalDS/presentations/images/basic_distance_hist
ogram.png, id=124, 674.52pt x 674.52pt>
File: c:/users/paul.conn/git/hierarchicalDS/presentations/images/basic_distance
_histogram.png Graphic file (type png)

<use c:/users/paul.conn/git/hierarchicalDS/presentations/images/basic_distance_
histogram.png>
Overfull \hbox (32.97652pt too wide) in paragraph at lines 148--148
[][]  
 []

[12

 <c:/users/paul.conn/git/hierarchicalDS/presentations/images/distance_book.jpg>
 <c:/users/paul.conn/git/hierarchicalDS/presentations/images/basic_distance_his
togram.png (PNG copy)>] [13

] [14

] [15

] [16

] [17

] [18

]
<c:/users/paul.conn/git/hierarchicalDS/presentations/images/heli_tracks.png, id
=162, 461.0826pt x 329.5512pt>
File: c:/users/paul.conn/git/hierarchicalDS/presentations/images/heli_tracks.pn
g Graphic file (type png)

<use c:/users/paul.conn/git/hierarchicalDS/presentations/images/heli_tracks.png
>
Overfull \hbox (32.97652pt too wide) in paragraph at lines 178--178
[][]  
 []

[19

 <c:/users/paul.conn/git/hierarchicalDS/presentations/images/heli_tracks.png>] 
[20

] [21

] [22

]
LaTeX Font Info:    Try loading font information for LY1+cmtt on input line 220
.
LaTeX Font Info:    No file LY1cmtt.fd. on input line 220.


LaTeX Font Warning: Font shape `LY1/cmtt/m/n' undefined
(Font)              using `LY1/ptm/m/n' instead on input line 220.

[23

]
<c:/users/paul.conn/git/hierarchicalDS/presentations/images/Bering_ice.png, id=
193, 481.8pt x 184.5294pt>
File: c:/users/paul.conn/git/hierarchicalDS/presentations/images/Bering_ice.png
 Graphic file (type png)

<use c:/users/paul.conn/git/hierarchicalDS/presentations/images/Bering_ice.png>
[24

 <c:/users/paul.conn/git/hierarchicalDS/presentations/images/Bering_ice.png>]
Overfull \hbox (17.51476pt too wide) in paragraph at lines 259--259
[][]  
 []


<c:/users/paul.conn/git/hierarchicalDS/presentations/images/Spotted.png, id=200
, 288.1164pt x 138.2766pt>
File: c:/users/paul.conn/git/hierarchicalDS/presentations/images/Spotted.png Gr
aphic file (type png)

<use c:/users/paul.conn/git/hierarchicalDS/presentations/images/Spotted.png>
<c:/users/paul.conn/git/hierarchicalDS/presentations/images/Bearded.png, id=201
, 288.1164pt x 138.2766pt>
File: c:/users/paul.conn/git/hierarchicalDS/presentations/images/Bearded.png Gr
aphic file (type png)

<use c:/users/paul.conn/git/hierarchicalDS/presentations/images/Bearded.png>
[25

 <c:/users/paul.conn/git/hierarchicalDS/presentations/images/Spotted.png> <c:/u
sers/paul.conn/git/hierarchicalDS/presentations/images/Bearded.png>]
LaTeX Font Info:    Font shape `LY1/phv/m/it' in size <10.95> not available
(Font)              Font shape `LY1/phv/m/sl' tried instead on input line 273.

[26

] [27

]
<c:/users/paul.conn/git/hierarchicalDS/presentations/images/partition.jpg, id=2
20, 257.96375pt x 196.735pt>
File: c:/users/paul.conn/git/hierarchicalDS/presentations/images/partition.jpg 
Graphic file (type jpg)

<use c:/users/paul.conn/git/hierarchicalDS/presentations/images/partition.jpg>
Overfull \hbox (32.97652pt too wide) in paragraph at lines 299--299
[][]  
 []

[28

 <c:/users/paul.conn/git/hierarchicalDS/presentations/images/partition.jpg>] [2
9

] [30

] [31

] [32

] [33

] [34

] [35

] [36

] [37

]
<c:/users/paul.conn/git/hierarchicalDS/presentations/images/local_abundance.png
, id=277, 584.1825pt x 424.58624pt>
File: c:/users/paul.conn/git/hierarchicalDS/presentations/images/local_abundanc
e.png Graphic file (type png)

<use c:/users/paul.conn/git/hierarchicalDS/presentations/images/local_abundance
.png>
Overfull \hbox (6.79999pt too wide) in paragraph at lines 356--356
[][]  
 []

[38

 <c:/users/paul.conn/git/hierarchicalDS/presentations/images/local_abundance.pn
g (PNG copy)>]
File: c:/users/paul.conn/git/hierarchicalDS/presentations/images/local_abundanc
e.png Graphic file (type png)

<use c:/users/paul.conn/git/hierarchicalDS/presentations/images/local_abundance
.png>
Overfull \hbox (6.79999pt too wide) in paragraph at lines 356--356
[][]  
 []

[39

]
File: c:/users/paul.conn/git/hierarchicalDS/presentations/images/local_abundanc
e.png Graphic file (type png)

<use c:/users/paul.conn/git/hierarchicalDS/presentations/images/local_abundance
.png>
Overfull \hbox (6.79999pt too wide) in paragraph at lines 356--356
[][]  
 []

[40

]
File: c:/users/paul.conn/git/hierarchicalDS/presentations/images/local_abundanc
e.png Graphic file (type png)

<use c:/users/paul.conn/git/hierarchicalDS/presentations/images/local_abundance
.png>
Overfull \hbox (6.79999pt too wide) in paragraph at lines 356--356
[][]  
 []

[41

] [42

] [43

] [44

] [45

] [46

] [47

]
Overfull \hbox (14.74892pt too wide) detected at line 428
[] [] \OT1/cmr/m/n/10.95 = [] \OMS/cmsy/m/n/10.95  [] [] \OML/cmm/m/it/10.95 ;

 []

[48

]
<c:/users/paul.conn/git/hierarchicalDS/presentations/images/point_indep.png, id
=336, 568.1225pt x 568.1225pt>
File: c:/users/paul.conn/git/hierarchicalDS/presentations/images/point_indep.pn
g Graphic file (type png)

<use c:/users/paul.conn/git/hierarchicalDS/presentations/images/point_indep.png
>
Overfull \hbox (6.79999pt too wide) in paragraph at lines 455--455
[][]  
 []

[49

 <c:/users/paul.conn/git/hierarchicalDS/presentations/images/point_indep.png (P
NG copy)>]
File: c:/users/paul.conn/git/hierarchicalDS/presentations/images/point_indep.pn
g Graphic file (type png)

<use c:/users/paul.conn/git/hierarchicalDS/presentations/images/point_indep.png
>
Overfull \hbox (6.79999pt too wide) in paragraph at lines 455--455
[][]  
 []

[50

]
LaTeX Font Info:    Try loading font information for LY1+cmr on input line 479.

LaTeX Font Info:    No file LY1cmr.fd. on input line 479.


LaTeX Font Warning: Font shape `LY1/cmr/m/n' undefined
(Font)              using `LY1/ptm/m/n' instead on input line 479.

[51

] [52

] [53

] [54

] [55

] [56

] [57

] [58

] [59

] [60

] [61

] [62

] [63

] [64

] [65

]
[66

] [67

] [68

]
<c:/users/paul.conn/git/hierarchicalDS/presentations/images/Dag_simple.pdf, id=
442, 722.7pt x 542.025pt>
File: c:/users/paul.conn/git/hierarchicalDS/presentations/images/Dag_simple.pdf
 Graphic file (type pdf)

<use c:/users/paul.conn/git/hierarchicalDS/presentations/images/Dag_simple.pdf>
[69

 <c:/users/paul.conn/git/hierarchicalDS/presentations/images/Dag_simple.pdf>]
<c:/users/paul.conn/git/hierarchicalDS/presentations/images/sim_2pop_Ests.pdf, 
id=481, 505.89pt x 505.89pt>
File: c:/users/paul.conn/git/hierarchicalDS/presentations/images/sim_2pop_Ests.
pdf Graphic file (type pdf)

<use c:/users/paul.conn/git/hierarchicalDS/presentations/images/sim_2pop_Ests.p
df> [70

 <c:/users/paul.conn/git/hierarchicalDS/presentations/images/sim_2pop_Ests.pdf>
]
<c:/users/paul.conn/git/hierarchicalDS/presentations/images/sim_2pop_N_byTranse
ct.png, id=493, 505.89pt x 505.89pt>
File: c:/users/paul.conn/git/hierarchicalDS/presentations/images/sim_2pop_N_byT
ransect.png Graphic file (type png)

<use c:/users/paul.conn/git/hierarchicalDS/presentations/images/sim_2pop_N_byTr
ansect.png> [71

 <c:/users/paul.conn/git/hierarchicalDS/presentations/images/sim_2pop_N_byTrans
ect.png (PNG copy)>] [72

]
<c:/users/paul.conn/git/hierarchicalDS/presentations/images/golf_tee.pdf, id=50
4, 505.89pt x 505.89pt>
File: c:/users/paul.conn/git/hierarchicalDS/presentations/images/golf_tee.pdf G
raphic file (type pdf)

<use c:/users/paul.conn/git/hierarchicalDS/presentations/images/golf_tee.pdf>
Overfull \hbox (6.79999pt too wide) in paragraph at lines 657--657
[][]  
 []

[73

 <c:/users/paul.conn/git/hierarchicalDS/presentations/images/golf_tee.pdf>]
<c:/users/paul.conn/git/hierarchicalDS/presentations/images/golf_tee_post_N.pdf
, id=522, 385.44pt x 337.26pt>
File: c:/users/paul.conn/git/hierarchicalDS/presentations/images/golf_tee_post_
N.pdf Graphic file (type pdf)

<use c:/users/paul.conn/git/hierarchicalDS/presentations/images/golf_tee_post_N
.pdf> [74

 <c:/users/paul.conn/git/hierarchicalDS/presentations/images/golf_tee_post_N.pd
f>]
<c:/users/paul.conn/git/hierarchicalDS/presentations/images/golf_tee_grp_size.p
ng, id=534, 453.8556pt x 530.10045pt>
File: c:/users/paul.conn/git/hierarchicalDS/presentations/images/golf_tee_grp_s
ize.png Graphic file (type png)

<use c:/users/paul.conn/git/hierarchicalDS/presentations/images/golf_tee_grp_si
ze.png> [75

 <c:/users/paul.conn/git/hierarchicalDS/presentations/images/golf_tee_grp_size.
png>] [76

]
<c:/users/paul.conn/git/hierarchicalDS/presentations/images/DAG_spatial.pdf, id
=546, 596.2275pt x 451.6875pt>
File: c:/users/paul.conn/git/hierarchicalDS/presentations/images/DAG_spatial.pd
f Graphic file (type pdf)

<use c:/users/paul.conn/git/hierarchicalDS/presentations/images/DAG_spatial.pdf
> [77

 <c:/users/paul.conn/git/hierarchicalDS/presentations/images/DAG_spatial.pdf>]
<c:/users/paul.conn/git/hierarchicalDS/presentations/images/matern_truth.png, i
d=585, 674.52pt x 674.52pt>
File: c:/users/paul.conn/git/hierarchicalDS/presentations/images/matern_truth.p
ng Graphic file (type png)

<use c:/users/paul.conn/git/hierarchicalDS/presentations/images/matern_truth.pn
g>
Overfull \hbox (6.79999pt too wide) in paragraph at lines 705--705
[][] 
 []


<c:/users/paul.conn/git/hierarchicalDS/presentations/images/matern_nosrr_mean.p
ng, id=586, 674.52pt x 674.52pt>
File: c:/users/paul.conn/git/hierarchicalDS/presentations/images/matern_nosrr_m
ean.png Graphic file (type png)

<use c:/users/paul.conn/git/hierarchicalDS/presentations/images/matern_nosrr_me
an.png>
Overfull \hbox (6.79999pt too wide) in paragraph at lines 705--705
[][] 
 []

[78

 <c:/users/paul.conn/git/hierarchicalDS/presentations/images/matern_truth.png (
PNG copy)> <c:/users/paul.conn/git/hierarchicalDS/presentations/images/matern_n
osrr_mean.png (PNG copy)>] [79

] [80

]
File: c:/users/paul.conn/git/hierarchicalDS/presentations/images/matern_truth.p
ng Graphic file (type png)

<use c:/users/paul.conn/git/hierarchicalDS/presentations/images/matern_truth.pn
g>
Overfull \hbox (6.79999pt too wide) in paragraph at lines 749--749
[][] 
 []


<c:/users/paul.conn/git/hierarchicalDS/presentations/images/matern_srr8_mean.pn
g, id=605, 674.52pt x 674.52pt>
File: c:/users/paul.conn/git/hierarchicalDS/presentations/images/matern_srr8_me
an.png Graphic file (type png)

<use c:/users/paul.conn/git/hierarchicalDS/presentations/images/matern_srr8_mea
n.png>
Overfull \hbox (6.79999pt too wide) in paragraph at lines 749--749
[][] 
 []

[81

 <c:/users/paul.conn/git/hierarchicalDS/presentations/images/matern_srr8_mean.p
ng (PNG copy)>] [82

] [83

]
<c:/users/paul.conn/git/hierarchicalDS/presentations/images/DAG_misID.pdf, id=6
22, 614.295pt x 542.025pt>
File: c:/users/paul.conn/git/hierarchicalDS/presentations/images/DAG_misID.pdf 
Graphic file (type pdf)

<use c:/users/paul.conn/git/hierarchicalDS/presentations/images/DAG_misID.pdf>
[84

 <c:/users/paul.conn/git/hierarchicalDS/presentations/images/DAG_misID.pdf>] [8
5

]
<c:/users/paul.conn/git/hierarchicalDS/presentations/images/questions.pdf, id=6
67, 560.0925pt x 460.72125pt>
File: c:/users/paul.conn/git/hierarchicalDS/presentations/images/questions.pdf 
Graphic file (type pdf)

<use c:/users/paul.conn/git/hierarchicalDS/presentations/images/questions.pdf>
[86

 <c:/users/paul.conn/git/hierarchicalDS/presentations/images/questions.pdf>] (C
:\Users\paul.conn\git\HierarchicalDS\HierarchicalDS\TWS2012_Conn.bbl
LaTeX Font Info:    Font shape `LY1/phv/m/it' in size <6> not available
(Font)              Font shape `LY1/phv/m/sl' tried instead on input line 13.
)
[87

]
\tf@nav=\write6
\tf@toc=\write7
\tf@snm=\write8


Package movie15 Warning: @@@@@@@@@@@@@@@@@@@@@@@@@@@@@@@@@@@@@@@
(movie15)                @@ Package `movie15' is obsolete and @@
(movie15)                @@ superseded by `media9'.           @@
(movie15)                @@@@@@@@@@@@@@@@@@@@@@@@@@@@@@@@@@@@@@@.

Package atveryend Info: Empty hook `BeforeClearDocument' on input line 800.
Package atveryend Info: Empty hook `AfterLastShipout' on input line 800.
(C:\Users\paul.conn\git\HierarchicalDS\HierarchicalDS\TWS2012_Conn.aux)
Package atveryend Info: Executing hook `AtVeryEndDocument' on input line 800.
Package rerunfilecheck Info: File `TWS2012_Conn.out' has not changed.
(rerunfilecheck)             Checksum: 12434258D1D67747E66C0ABA6D49CA5E;321.


LaTeX Font Warning: Some font shapes were not available, defaults substituted.

 ) 
Here is how much of TeX's memory you used:
 18161 strings out of 494019
 332621 string characters out of 3143801
 446453 words of memory out of 3000000
 20756 multiletter control sequences out of 15000+200000
 38022 words of font info for 87 fonts, out of 3000000 for 9000
 714 hyphenation exceptions out of 8191
 49i,14n,53p,525b,819s stack positions out of 5000i,500n,10000p,200000b,50000s
{C:/Program Files (x86)/MiKTeX 2.9/fonts/enc/dvips/fontname/texnansi.enc}<C:/
Program Files (x86)/MiKTeX 2.9/fonts/type1/public/amsfonts/cm/cmbx10.pfb><C:/Pr
ogram Files (x86)/MiKTeX 2.9/fonts/type1/public/amsfonts/cm/cmex10.pfb><C:/Prog
ram Files (x86)/MiKTeX 2.9/fonts/type1/public/amsfonts/cm/cmmi10.pfb><C:/Progra
m Files (x86)/MiKTeX 2.9/fonts/type1/public/amsfonts/cm/cmmi12.pfb><C:/Program 
Files (x86)/MiKTeX 2.9/fonts/type1/public/amsfonts/cm/cmmi6.pfb><C:/Program Fil
es (x86)/MiKTeX 2.9/fonts/type1/public/amsfonts/cm/cmmi8.pfb><C:/Program Files 
(x86)/MiKTeX 2.9/fonts/type1/public/amsfonts/cm/cmmib10.pfb><C:/Program Files (
x86)/MiKTeX 2.9/fonts/type1/public/amsfonts/cm/cmr10.pfb><C:/Program Files (x86
)/MiKTeX 2.9/fonts/type1/public/amsfonts/cm/cmr12.pfb><C:/Program Files (x86)/M
iKTeX 2.9/fonts/type1/public/amsfonts/cm/cmr17.pfb><C:/Program Files (x86)/MiKT
eX 2.9/fonts/type1/public/amsfonts/cm/cmr8.pfb><C:/Program Files (x86)/MiKTeX 2
.9/fonts/type1/public/amsfonts/cm/cmsy10.pfb><C:/Program Files (x86)/MiKTeX 2.9
/fonts/type1/public/amsfonts/cm/cmsy8.pfb><C:/Program Files (x86)/MiKTeX 2.9/fo
nts/type1/urw/helvetic/uhvr8a.pfb><C:/Program Files (x86)/MiKTeX 2.9/fonts/type
1/urw/helvetic/uhvro8a.pfb><C:/Program Files (x86)/MiKTeX 2.9/fonts/type1/urw/t
imes/utmr8a.pfb>
Output written on TWS2012_Conn.pdf (87 pages, 1549210 bytes).
PDF statistics:
 787 PDF objects out of 1000 (max. 8388607)
 183 named destinations out of 1000 (max. 500000)
 238 words of extra memory for PDF output out of 10000 (max. 10000000)

