This is pdfTeX, Version 3.1415926-1.40.11 (MiKTeX 2.9) (preloaded format=pdflatex 2013.5.13)  15 JUL 2013 16:17
entering extended mode
**HierarchicalDS_vignette.tex

(C:\Users\paul.conn\git\HierarchicalDS\HierarchicalDS\inst\HierarchicalDS_vigne
tte.tex
LaTeX2e <2009/09/24>
Babel <v3.8l> and hyphenation patterns for english, afrikaans, ancientgreek, ar
abic, armenian, assamese, basque, bengali, bokmal, bulgarian, catalan, coptic, 
croatian, czech, danish, dutch, esperanto, estonian, farsi, finnish, french, ga
lician, german, german-x-2009-06-19, greek, gujarati, hindi, hungarian, iceland
ic, indonesian, interlingua, irish, italian, kannada, kurmanji, lao, latin, lat
vian, lithuanian, malayalam, marathi, mongolian, mongolianlmc, monogreek, ngerm
an, ngerman-x-2009-06-19, nynorsk, oriya, panjabi, pinyin, polish, portuguese, 
romanian, russian, sanskrit, serbian, slovak, slovenian, spanish, swedish, swis
sgerman, tamil, telugu, turkish, turkmen, ukenglish, ukrainian, uppersorbian, u
senglishmax, welsh, loaded.
("C:\Program Files (x86)\MiKTeX 2.9\tex\latex\base\article.cls"
Document Class: article 2007/10/19 v1.4h Standard LaTeX document class
("C:\Program Files (x86)\MiKTeX 2.9\tex\latex\base\size10.clo"
File: size10.clo 2007/10/19 v1.4h Standard LaTeX file (size option)
)
\c@part=\count79
\c@section=\count80
\c@subsection=\count81
\c@subsubsection=\count82
\c@paragraph=\count83
\c@subparagraph=\count84
\c@figure=\count85
\c@table=\count86
\abovecaptionskip=\skip41
\belowcaptionskip=\skip42
\bibindent=\dimen102
)
("C:\Program Files (x86)\MiKTeX 2.9\tex\latex\graphics\graphicx.sty"
Package: graphicx 1999/02/16 v1.0f Enhanced LaTeX Graphics (DPC,SPQR)

("C:\Program Files (x86)\MiKTeX 2.9\tex\latex\graphics\keyval.sty"
Package: keyval 1999/03/16 v1.13 key=value parser (DPC)
\KV@toks@=\toks14
)
("C:\Program Files (x86)\MiKTeX 2.9\tex\latex\graphics\graphics.sty"
Package: graphics 2009/02/05 v1.0o Standard LaTeX Graphics (DPC,SPQR)

("C:\Program Files (x86)\MiKTeX 2.9\tex\latex\graphics\trig.sty"
Package: trig 1999/03/16 v1.09 sin cos tan (DPC)
)
("C:\Program Files (x86)\MiKTeX 2.9\tex\latex\00miktex\graphics.cfg"
File: graphics.cfg 2007/01/18 v1.5 graphics configuration of teTeX/TeXLive
)
Package graphics Info: Driver file: pdftex.def on input line 91.

("C:\Program Files (x86)\MiKTeX 2.9\tex\latex\pdftex-def\pdftex.def"
File: pdftex.def 2010/09/14 v0.05b Graphics/color for pdfTeX
\Gread@gobject=\count87
))
\Gin@req@height=\dimen103
\Gin@req@width=\dimen104
)
("C:\Program Files (x86)\MiKTeX 2.9\tex\latex\graphics\color.sty"
Package: color 2005/11/14 v1.0j Standard LaTeX Color (DPC)

("C:\Program Files (x86)\MiKTeX 2.9\tex\latex\00miktex\color.cfg"
File: color.cfg 2007/01/18 v1.5 color configuration of teTeX/TeXLive
)
Package color Info: Driver file: pdftex.def on input line 130.
)
("C:\Program Files (x86)\MiKTeX 2.9\tex\latex\framed\framed.sty"
Package: framed 2011/10/22 v 0.96: framed or shaded text with page breaks
\OuterFrameSep=\skip43
\fb@frw=\dimen105
\fb@frh=\dimen106
\FrameRule=\dimen107
\FrameSep=\dimen108
)
("C:\Program Files (x86)\MiKTeX 2.9\tex\latex\base\alltt.sty"
Package: alltt 1997/06/16 v2.0g defines alltt environment
)
("C:\Program Files (x86)\MiKTeX 2.9\tex\latex\tools\verbatim.sty"
Package: verbatim 2003/08/22 v1.5q LaTeX2e package for verbatim enhancements
\every@verbatim=\toks15
\verbatim@line=\toks16
\verbatim@in@stream=\read1
)
("\\nmfs.local\AKC-NMML\Users\paul.conn\Application Data\MiKTeX\2.9\tex/latex\n
atbib\natbib.sty"
Package: natbib 2010/09/13 8.31b (PWD, AO)
\bibhang=\skip44
\bibsep=\skip45
LaTeX Info: Redefining \cite on input line 694.
\c@NAT@ctr=\count88
)
("C:\Program Files (x86)\MiKTeX 2.9\tex\latex\ams\math\amsmath.sty"
Package: amsmath 2000/07/18 v2.13 AMS math features
\@mathmargin=\skip46

For additional information on amsmath, use the `?' option.
("C:\Program Files (x86)\MiKTeX 2.9\tex\latex\ams\math\amstext.sty"
Package: amstext 2000/06/29 v2.01

("C:\Program Files (x86)\MiKTeX 2.9\tex\latex\ams\math\amsgen.sty"
File: amsgen.sty 1999/11/30 v2.0
\@emptytoks=\toks17
\ex@=\dimen109
))
("C:\Program Files (x86)\MiKTeX 2.9\tex\latex\ams\math\amsbsy.sty"
Package: amsbsy 1999/11/29 v1.2d
\pmbraise@=\dimen110
)
("C:\Program Files (x86)\MiKTeX 2.9\tex\latex\ams\math\amsopn.sty"
Package: amsopn 1999/12/14 v2.01 operator names
)
\inf@bad=\count89
LaTeX Info: Redefining \frac on input line 211.
\uproot@=\count90
\leftroot@=\count91
LaTeX Info: Redefining \overline on input line 307.
\classnum@=\count92
\DOTSCASE@=\count93
LaTeX Info: Redefining \ldots on input line 379.
LaTeX Info: Redefining \dots on input line 382.
LaTeX Info: Redefining \cdots on input line 467.
\Mathstrutbox@=\box26
\strutbox@=\box27
\big@size=\dimen111
LaTeX Font Info:    Redeclaring font encoding OML on input line 567.
LaTeX Font Info:    Redeclaring font encoding OMS on input line 568.
\macc@depth=\count94
\c@MaxMatrixCols=\count95
\dotsspace@=\muskip10
\c@parentequation=\count96
\dspbrk@lvl=\count97
\tag@help=\toks18
\row@=\count98
\column@=\count99
\maxfields@=\count100
\andhelp@=\toks19
\eqnshift@=\dimen112
\alignsep@=\dimen113
\tagshift@=\dimen114
\tagwidth@=\dimen115
\totwidth@=\dimen116
\lineht@=\dimen117
\@envbody=\toks20
\multlinegap=\skip47
\multlinetaggap=\skip48
\mathdisplay@stack=\toks21
LaTeX Info: Redefining \[ on input line 2666.
LaTeX Info: Redefining \] on input line 2667.
)
("C:\Program Files (x86)\MiKTeX 2.9\tex\latex\hyperref\hyperref.sty"
Package: hyperref 2010/10/30 v6.81t Hypertext links for LaTeX

("C:\Program Files (x86)\MiKTeX 2.9\tex\generic\oberdiek\ltxcmds.sty"
Package: ltxcmds 2010/04/26 v1.7 LaTeX kernel commands for general use (HO)
)
("C:\Program Files (x86)\MiKTeX 2.9\tex\generic\oberdiek\infwarerr.sty"
Package: infwarerr 2010/04/08 v1.3 Providing info/warning/message (HO)
)
("C:\Program Files (x86)\MiKTeX 2.9\tex\generic\oberdiek\kvsetkeys.sty"
Package: kvsetkeys 2010/03/01 v1.9 Key value parser (HO)

("C:\Program Files (x86)\MiKTeX 2.9\tex\generic\oberdiek\etexcmds.sty"
Package: etexcmds 2010/01/28 v1.3 Prefix for e-TeX command names (HO)
Package etexcmds Info: Could not find \expanded.
(etexcmds)             That can mean that you are not using pdfTeX 1.50 or
(etexcmds)             that some package has redefined \expanded.
(etexcmds)             In the latter case, load this package earlier.
))
("C:\Program Files (x86)\MiKTeX 2.9\tex\generic\oberdiek\pdfescape.sty"
Package: pdfescape 2010/03/01 v1.9 Provides hex, PDF name and string conversion
s (HO)

("C:\Program Files (x86)\MiKTeX 2.9\tex\generic\oberdiek\pdftexcmds.sty"
Package: pdftexcmds 2010/04/01 v0.9 Utility functions of pdfTeX for LuaTeX (HO)


("C:\Program Files (x86)\MiKTeX 2.9\tex\generic\oberdiek\ifluatex.sty"
Package: ifluatex 2010/03/01 v1.3 Provides the ifluatex switch (HO)
Package ifluatex Info: LuaTeX not detected.
)
Package pdftexcmds Info: LuaTeX not detected.
Package pdftexcmds Info: \pdf@primitive is available.
Package pdftexcmds Info: \pdf@ifprimitive is available.
))
("C:\Program Files (x86)\MiKTeX 2.9\tex\generic\oberdiek\ifpdf.sty"
Package: ifpdf 2010/01/28 v2.1 Provides the ifpdf switch (HO)
Package ifpdf Info: pdfTeX in pdf mode detected.
)
("C:\Program Files (x86)\MiKTeX 2.9\tex\generic\oberdiek\ifvtex.sty"
Package: ifvtex 2010/03/01 v1.5 Switches for detecting VTeX and its modes (HO)
Package ifvtex Info: VTeX not detected.
)
("C:\Program Files (x86)\MiKTeX 2.9\tex\generic\ifxetex\ifxetex.sty"
Package: ifxetex 2010/09/12 v0.6 Provides ifxetex conditional
)
("C:\Program Files (x86)\MiKTeX 2.9\tex\latex\oberdiek\hycolor.sty"
Package: hycolor 2009/12/12 v1.6 Color options of hyperref/bookmark (HO)

("C:\Program Files (x86)\MiKTeX 2.9\tex\latex\oberdiek\xcolor-patch.sty"
Package: xcolor-patch 2009/12/12 xcolor patch
))
("C:\Program Files (x86)\MiKTeX 2.9\tex\latex\oberdiek\letltxmacro.sty"
Package: letltxmacro 2008/06/24 v1.3 Let assignment for LaTeX macros (HO)
)
("C:\Program Files (x86)\MiKTeX 2.9\tex\latex\oberdiek\kvoptions.sty"
Package: kvoptions 2010/02/22 v3.7 Keyval support for LaTeX options (HO)
)
\@linkdim=\dimen118
\Hy@linkcounter=\count101
\Hy@pagecounter=\count102

("C:\Program Files (x86)\MiKTeX 2.9\tex\latex\hyperref\pd1enc.def"
File: pd1enc.def 2010/10/30 v6.81t Hyperref: PDFDocEncoding definition (HO)
)
("C:\Program Files (x86)\MiKTeX 2.9\tex\generic\oberdiek\intcalc.sty"
Package: intcalc 2007/09/27 v1.1 Expandable integer calculations (HO)
)
\Hy@SavedSpaceFactor=\count103

("C:\Program Files (x86)\MiKTeX 2.9\tex\latex\00miktex\hyperref.cfg"
File: hyperref.cfg 2002/06/06 v1.2 hyperref configuration of TeXLive
)
Package hyperref Info: Hyper figures OFF on input line 3976.
Package hyperref Info: Link nesting OFF on input line 3981.
Package hyperref Info: Hyper index ON on input line 3984.
Package hyperref Info: Plain pages OFF on input line 3991.
Package hyperref Info: Backreferencing OFF on input line 3996.
Package hyperref Info: Implicit mode ON; LaTeX internals redefined.
Package hyperref Info: Bookmarks ON on input line 4211.
\c@Hy@tempcnt=\count104

("C:\Program Files (x86)\MiKTeX 2.9\tex\latex\ltxmisc\url.sty"
\Urlmuskip=\muskip11
Package: url 2006/04/12  ver 3.3  Verb mode for urls, etc.
)
LaTeX Info: Redefining \url on input line 4566.

("C:\Program Files (x86)\MiKTeX 2.9\tex\generic\oberdiek\bitset.sty"
Package: bitset 2007/09/28 v1.0 Data type bit set (HO)

("C:\Program Files (x86)\MiKTeX 2.9\tex\generic\oberdiek\bigintcalc.sty"
Package: bigintcalc 2007/11/11 v1.1 Expandable big integer calculations (HO)
))
\Fld@menulength=\count105
\Field@Width=\dimen119
\Fld@charsize=\dimen120
Package hyperref Info: Hyper figures OFF on input line 5626.
Package hyperref Info: Link nesting OFF on input line 5631.
Package hyperref Info: Hyper index ON on input line 5634.
Package hyperref Info: backreferencing OFF on input line 5641.
Package hyperref Info: Link coloring OFF on input line 5646.
Package hyperref Info: Link coloring with OCG OFF on input line 5651.
Package hyperref Info: PDF/A mode OFF on input line 5656.
LaTeX Info: Redefining \ref on input line 5696.
LaTeX Info: Redefining \pageref on input line 5700.

("C:\Program Files (x86)\MiKTeX 2.9\tex\generic\oberdiek\atbegshi.sty"
Package: atbegshi 2010/03/25 v1.12 At begin shipout hook (HO)
)
\Hy@abspage=\count106
\c@Item=\count107
\c@Hfootnote=\count108
)

Package hyperref Message: Driver (autodetected): hpdftex.

("C:\Program Files (x86)\MiKTeX 2.9\tex\latex\hyperref\hpdftex.def"
File: hpdftex.def 2010/10/30 v6.81t Hyperref driver for pdfTeX

("C:\Program Files (x86)\MiKTeX 2.9\tex\latex\oberdiek\atveryend.sty"
Package: atveryend 2010/03/24 v1.5 Hooks at very end of document (HO)
Package atveryend Info: \enddocument detected (standard).
)
\Fld@listcount=\count109
\c@bookmark@seq@number=\count110

("C:\Program Files (x86)\MiKTeX 2.9\tex\latex\oberdiek\rerunfilecheck.sty"
Package: rerunfilecheck 2010/03/16 v1.6 Rerun checks for auxiliary files (HO)

("C:\Program Files (x86)\MiKTeX 2.9\tex\generic\oberdiek\uniquecounter.sty"
Package: uniquecounter 2009/12/18 v1.1 Provides unlimited unique counter (HO)
)
Package uniquecounter Info: New unique counter `rerunfilecheck' on input line 2
71.
)
\Hy@SectionHShift=\skip49
)
("C:\Program Files (x86)\MiKTeX 2.9\tex\latex\upquote\upquote.sty"
Package: upquote 2012/04/19 v1.3 upright-quote and grave-accent glyphs in verba
tim
)
No file HierarchicalDS_vignette.aux.
LaTeX Font Info:    Checking defaults for OML/cmm/m/it on input line 60.
LaTeX Font Info:    ... okay on input line 60.
LaTeX Font Info:    Checking defaults for T1/cmr/m/n on input line 60.
LaTeX Font Info:    ... okay on input line 60.
LaTeX Font Info:    Checking defaults for OT1/cmr/m/n on input line 60.
LaTeX Font Info:    ... okay on input line 60.
LaTeX Font Info:    Checking defaults for OMS/cmsy/m/n on input line 60.
LaTeX Font Info:    ... okay on input line 60.
LaTeX Font Info:    Checking defaults for OMX/cmex/m/n on input line 60.
LaTeX Font Info:    ... okay on input line 60.
LaTeX Font Info:    Checking defaults for U/cmr/m/n on input line 60.
LaTeX Font Info:    ... okay on input line 60.
LaTeX Font Info:    Checking defaults for PD1/pdf/m/n on input line 60.
LaTeX Font Info:    ... okay on input line 60.
("C:\Program Files (x86)\MiKTeX 2.9\tex\context\base\supp-pdf.mkii"
[Loading MPS to PDF converter (version 2006.09.02).]
\scratchcounter=\count111
\scratchdimen=\dimen121
\scratchbox=\box28
\nofMPsegments=\count112
\nofMParguments=\count113
\everyMPshowfont=\toks22
\MPscratchCnt=\count114
\MPscratchDim=\dimen122
\MPnumerator=\count115
\everyMPtoPDFconversion=\toks23
)
\AtBeginShipoutBox=\box29
Package hyperref Info: Link coloring OFF on input line 60.
 ("C:\Program Files (x86)\MiKTeX 2.9\tex\latex\hyperref\nameref.sty"
Package: nameref 2010/04/30 v2.40 Cross-referencing by name of section

("C:\Program Files (x86)\MiKTeX 2.9\tex\latex\oberdiek\refcount.sty"
Package: refcount 2008/08/11 v3.1 Data extraction from references (HO)
)
("C:\Program Files (x86)\MiKTeX 2.9\tex\generic\oberdiek\gettitlestring.sty"
Package: gettitlestring 2009/12/18 v1.3 Cleanup title references (HO)
)
\c@section@level=\count116
)
LaTeX Info: Redefining \ref on input line 60.
LaTeX Info: Redefining \pageref on input line 60.
LaTeX Info: Redefining \nameref on input line 60.
\@outlinefile=\write3
\tf@toc=\write4

[1

{C:/Users/paul.conn/AppData/Local/MiKTeX/2.9/pdftex/config/pdftex.map}]

Package natbib Warning: Citation `ConnEtAl2012' on page 2 undefined on input li
ne 80.


Package natbib Warning: Citation `ConnEtAl2013' on page 2 undefined on input li
ne 84.


Package natbib Warning: Citation `GelmanEtAl2004' on page 2 undefined on input 
line 86.


Package natbib Warning: Citation `ConnEtAl2012' on page 2 undefined on input li
ne 89.


Package natbib Warning: Citation `ConnEtAl2013' on page 2 undefined on input li
ne 89.


LaTeX Warning: Reference `fig:DAG' on page 2 undefined on input line 96.


LaTeX Warning: File `DAG_MisID.pdf' not found on input line 105.


! Package pdftex.def Error: File `DAG_MisID.pdf' not found.

See the pdftex.def package documentation for explanation.
Type  H <return>  for immediate help.
 ...                                              
                                                  
l.105 ...raphics[width= \textwidth]{DAG_MisID.pdf}
                                                  
Using draft setting for this image.
Try typing  <return>  to proceed.
If that doesn't work, type  X <return>  to quit.


Package natbib Warning: Citation `Dempster1977' on page 2 undefined on input li
ne 112.

[2

] [3]

Package natbib Warning: Citation `BorchersEtAl2006' on page 4 undefined on inpu
t line 114.


Package natbib Warning: Citation `LaakeBorchers2004' on page 4 undefined on inp
ut line 114.

Package color Info: Redefining color shadecolor on input line 123.
LaTeX Font Info:    Font shape `OT1/cmtt/bx/n' in size <10> not available
(Font)              Font shape `OT1/cmtt/m/n' tried instead on input line 125.

Overfull \hbox (47.9967pt too wide) in paragraph at lines 137--138
[][]$\OT1/cmtt/m/n/10 https : / / drive . google . com / folderview ? id = 0Bzo
muXDutCcRT2VHMUlqWDhqNlk&usp =
 []


Overfull \hbox (20.3782pt too wide) in paragraph at lines 140--142
\OT1/cmr/m/n/10 age be-tween sta-ble CRAN re-leases. There are sev-eral ways to
 in-stall \OT1/cmtt/m/n/10 hierarchicalDS
 []

[4]
Package color Info: Redefining color shadecolor on input line 144.

Overfull \hbox (32.9967pt too wide) in paragraph at lines 147--147
[][]\OT1/cmtt/m/n/10 install.packages[]([]"hierarchicalDS.tar.gz"[], repos = NU
LL, type = []"source"[])[] 
 []

Package color Info: Redefining color shadecolor on input line 161.

Overfull \hbox (1.49698pt too wide) in paragraph at lines 165--165
[]\OT1/cmtt/m/n/10 S = 100  []#Number of grid cells; square grid assumed for si
mulation[][] 
 []

LaTeX Font Info:    Try loading font information for OMS+cmtt on input line 170
.
(C:/users/PAUL~1.CON/R/R-30~1.0/share/texmf/tex/latex\omscmtt.fd
File: omscmtt.fd 
)
LaTeX Font Info:    Font shape `OMS/cmtt/m/n' in size <10> not available
(Font)              Font shape `OMS/cmsy/m/n' tried instead on input line 170.

Overfull \hbox (1.49698pt too wide) in paragraph at lines 171--171
[]    \OT1/cmtt/m/n/10 Observers[, i] = []sample[]([]c[](1, 2, 3), size = 2, re
place = FALSE)[] 
 []


Overfull \hbox (48.74657pt too wide) in paragraph at lines 173--173
[]\OT1/cmtt/m/n/10 Sim = []simulate_data[](S = S, Observers = Observers, misID 
= TRUE, ZIP = TRUE,[] 
 []


Overfull \hbox (11.99689pt too wide) in paragraph at lines 196--196
[]\OT1/cmtt/m/n/10 Hab.cov = []data.frame[]([]rep[]([]log[]([]c[](1:[]sqrt[](S)
/[]sqrt[](S))), each = []sqrt[](S)))[] 
 []


Overfull \hbox (1.49698pt too wide) in paragraph at lines 197--197
[][]\OT1/cmtt/m/n/10 # (covariate on abundance intensity same as used to simula
te data)[][] 
 []


Overfull \hbox (111.74602pt too wide) in paragraph at lines 213--213
[]\OT1/cmtt/m/n/10 Cov.prior.pdf[, 1] = []c[]([]"pois1"[], []"pois1"[])  #model
 group size as a zero truncated poisson[] 
 []


Overfull \hbox (116.99597pt too wide) in paragraph at lines 227--227
[]\OT1/cmtt/m/n/10 Control = []list[](iter = 21000, burnin = 1000, thin = 10, M
H.cor = 0.2, MH.nu = []matrix[](0.2,[] 
 []


Overfull \hbox (59.24648pt too wide) in paragraph at lines 228--228
[]    \OT1/cmtt/m/n/10 2, S), MH.misID = []matrix[](0.1, 3, 1), RJ.N = []matrix
[]([]rep[](5, S * n.species),[] 
 []


Overfull \hbox (11.99689pt too wide) in paragraph at lines 230--230
[]\OT1/cmtt/m/n/10 hab.pois = []matrix[](0, n.species, 2)  []#covariates are in
tercept, index[][] 
 []


Overfull \hbox (27.74675pt too wide) in paragraph at lines 235--235
[][]\OT1/cmtt/m/n/10 # provide some initial values to ensure MCMC doesnt start
 out at weird[][] 
 []


Overfull \hbox (53.99652pt too wide) in paragraph at lines 237--237
[]\OT1/cmtt/m/n/10 Inits = []list[](hab.pois = hab.pois, hab.bern = hab.bern, t
au.nu = []c[](500, 500),[] 
 []


Overfull \hbox (85.49625pt too wide) in paragraph at lines 247--247
[]\OT1/cmtt/m/n/10 Prior.pars = []list[](a.eta = 1, b.eta = 0.01, a.nu = 1, b.n
u = 0.01, beta.tau = 0.01,[] 
 []


Overfull \hbox (38.24666pt too wide) in paragraph at lines 249--249
[][]\OT1/cmtt/m/n/10 # (1,.01) prior makes it closer to a uniform distribution 
near the origin[][] 
 []


Overfull \hbox (90.7462pt too wide) in paragraph at lines 253--253
[]\OT1/cmtt/m/n/10 Out = []hierarchical_DS[](Dat = Dat, Adj = Adj, Area.hab = A
rea.hab, Mapping = Mapping,[] 
 []


Overfull \hbox (53.99652pt too wide) in paragraph at lines 254--254
[]    \OT1/cmtt/m/n/10 Area.trans = Area.trans, Observers = Observers, Bin.leng
th = Bin.length,[] 
 []


Overfull \hbox (185.24538pt too wide) in paragraph at lines 255--255
[]    \OT1/cmtt/m/n/10 Hab.cov = Hab.cov, Obs.cov = Obs.cov, n.obs.cov = n.obs.
cov, Hab.pois.formula = Hab.pois.formula,[] 
 []


Overfull \hbox (95.99615pt too wide) in paragraph at lines 256--256
[]    \OT1/cmtt/m/n/10 Hab.bern.formula = Hab.bern.formula, detect = detect, De
t.formula = Det.formula,[] 
 []


Overfull \hbox (200.99524pt too wide) in paragraph at lines 257--257
[]    \OT1/cmtt/m/n/10 Cov.prior.pdf = Cov.prior.pdf, Cov.prior.parms = Cov.pri
or.parms, Cov.prior.fixed = Cov.prior.fixed,[] 
 []


Overfull \hbox (74.99634pt too wide) in paragraph at lines 258--258
[]    \OT1/cmtt/m/n/10 Cov.prior.n = Cov.prior.n, pol.eff = NULL, ZIP = ZIP, po
int.ind = point.ind,[] 
 []


Overfull \hbox (69.74638pt too wide) in paragraph at lines 259--259
[]    \OT1/cmtt/m/n/10 spat.ind = spat.ind, fix.tau.nu = fix.tau.nu, srr = srr,
 srr.tol = srr.tol,[] 
 []


Overfull \hbox (59.24648pt too wide) in paragraph at lines 260--260
[]    \OT1/cmtt/m/n/10 misID = misID, last.ind = last.ind, cor.const = cor.cons
t, Inits = Inits,[] 
 []


Overfull \hbox (85.49625pt too wide) in paragraph at lines 261--261
[]    \OT1/cmtt/m/n/10 grps = grps, M = M, Control = Control, adapt = adapt, Pr
ior.pars = Prior.pars,[] 
 []


Overfull \hbox (74.99634pt too wide) in paragraph at lines 262--262
[]    \OT1/cmtt/m/n/10 misID.mat = misID.mat, misID.models = misID.models, misI
D.symm = misID.symm,[] 
 []


Overfull \hbox (38.24666pt too wide) in paragraph at lines 265--265
[][]\OT1/cmtt/m/n/10 ### 3) plot and summarize results; note that chain would n
eed to be run a[][] 
 []

[5]
Underfull \vbox (badness 10000) detected at line 271
 []


Underfull \vbox (badness 10000) detected at line 271
 []

[6]
Package color Info: Redefining color shadecolor on input line 278.
Package color Info: Redefining color shadecolor on input line 287.

Overfull \hbox (74.99634pt too wide) in paragraph at lines 289--289
[][]\OT1/cmtt/m/n/10 source[]([]"c:/users/paul.conn/git/hierarchicalDS/hierarch
icalDS/R/simulate_data.R"[])[] 
 []


Overfull \hbox (85.49625pt too wide) in paragraph at lines 290--290
[][]\OT1/cmtt/m/n/10 source[]([]"c:/users/paul.conn/git/hierarchicalDS/hierarch
icalDS/R/hierarchical_DS.R"[])[] 
 []


Overfull \hbox (43.49661pt too wide) in paragraph at lines 291--291
[][]\OT1/cmtt/m/n/10 source[]([]"c:/users/paul.conn/git/hierarchicalDS/hierarch
icalDS/R/mcmc_ds.R"[])[] 
 []


Overfull \hbox (59.24648pt too wide) in paragraph at lines 292--292
[][]\OT1/cmtt/m/n/10 source[]([]"c:/users/paul.conn/git/hierarchicalDS/hierarch
icalDS/R/spat_funcs.R"[])[] 
 []

[7]
Package color Info: Redefining color shadecolor on input line 304.

Overfull \hbox (1.49698pt too wide) in paragraph at lines 307--307
[]\OT1/cmtt/m/n/10 S = 100  []#Number of grid cells; square grid assumed for si
mulation[][] 
 []


Overfull \hbox (1.49698pt too wide) in paragraph at lines 313--313
[]    \OT1/cmtt/m/n/10 Observers[, i] = []sample[]([]c[](1, 2, 3), size = 2, re
place = FALSE)[] 
 []


Overfull \hbox (48.74657pt too wide) in paragraph at lines 315--315
[]\OT1/cmtt/m/n/10 Sim = []simulate_data[](S = S, Observers = Observers, misID 
= TRUE, ZIP = TRUE,[] 
 []

Package color Info: Redefining color shadecolor on input line 333.
Package color Info: Redefining color shadecolor on input line 349.

Underfull \hbox (badness 10000) in paragraph at lines 361--362

 []

[8]
Underfull \hbox (badness 10000) in paragraph at lines 362--363

 []


Underfull \hbox (badness 10000) in paragraph at lines 363--364

 []


Underfull \hbox (badness 10000) in paragraph at lines 364--365

 []


Underfull \hbox (badness 10000) in paragraph at lines 365--366

 []


Underfull \hbox (badness 10000) in paragraph at lines 366--367

 []

[9]
Package color Info: Redefining color shadecolor on input line 373.


Package natbib Warning: Citation `RueHeld2004' on page 10 undefined on input li
ne 390.

Package color Info: Redefining color shadecolor on input line 393.
Package color Info: Redefining color shadecolor on input line 405.
[10]

Package natbib Warning: Citation `ConnEtAl2013' on page 11 undefined on input l
ine 422.

Package color Info: Redefining color shadecolor on input line 429.
[11]

Package natbib Warning: Citation `AgarwalEtAl2002' on page 12 undefined on inpu
t line 456.

Package color Info: Redefining color shadecolor on input line 459.

Overfull \hbox (11.99689pt too wide) in paragraph at lines 461--461
[]\OT1/cmtt/m/n/10 Hab.cov = []data.frame[]([]rep[]([]log[]([]c[](1:[]sqrt[](S)
/[]sqrt[](S))), each = []sqrt[](S)))[] 
 []


Overfull \hbox (1.49698pt too wide) in paragraph at lines 462--462
[][]\OT1/cmtt/m/n/10 # (covariate on abundance intensity same as used to simula
te data)[][] 
 []

[12]
Package color Info: Redefining color shadecolor on input line 478.
Package color Info: Redefining color shadecolor on input line 491.
 [13]
Package color Info: Redefining color shadecolor on input line 512.


Package natbib Warning: Citation `HughesHaran2012' on page 14 undefined on inpu
t line 530.


Package natbib Warning: Citation `ReichEtAl2006' on page 14 undefined on input 
line 530.


Package natbib Warning: Citation `GelfandGhosh1998' on page 14 undefined on inp
ut line 531.

[14]
Package color Info: Redefining color shadecolor on input line 536.
Package color Info: Redefining color shadecolor on input line 555.

Overfull \hbox (116.99597pt too wide) in paragraph at lines 557--557
[]\OT1/cmtt/m/n/10 Control = []list[](iter = 21000, burnin = 1000, thin = 10, M
H.cor = 0.2, MH.nu = []matrix[](0.2,[] 
 []


Overfull \hbox (59.24648pt too wide) in paragraph at lines 558--558
[]    \OT1/cmtt/m/n/10 2, S), MH.misID = []matrix[](0.1, 3, 1), RJ.N = []matrix
[]([]rep[](5, S * n.species),[] 
 []


Package natbib Warning: Citation `GelmanEtAl2004' on page 15 undefined on input
 line 565.

[15]
Package color Info: Redefining color shadecolor on input line 571.

Overfull \hbox (11.99689pt too wide) in paragraph at lines 573--573
[]\OT1/cmtt/m/n/10 hab.pois = []matrix[](0, n.species, 2)  []#covariates are in
tercept, index[][] 
 []


Overfull \hbox (53.99652pt too wide) in paragraph at lines 578--578
[]\OT1/cmtt/m/n/10 Inits = []list[](hab.pois = hab.pois, hab.bern = hab.bern, t
au.nu = []c[](500, 500),[] 
 []

[16]
Package color Info: Redefining color shadecolor on input line 590.

Overfull \hbox (85.49625pt too wide) in paragraph at lines 600--600
[]\OT1/cmtt/m/n/10 Prior.pars = []list[](a.eta = 1, b.eta = 0.01, a.nu = 1, b.n
u = 0.01, beta.tau = 0.01,[] 
 []

Package color Info: Redefining color shadecolor on input line 612.
Package color Info: Redefining color shadecolor on input line 624.

Overfull \hbox (90.7462pt too wide) in paragraph at lines 626--626
[]\OT1/cmtt/m/n/10 Out = []hierarchical_DS[](Dat = Dat, Adj = Adj, Area.hab = A
rea.hab, Mapping = Mapping,[] 
 []


Overfull \hbox (53.99652pt too wide) in paragraph at lines 627--627
[]    \OT1/cmtt/m/n/10 Area.trans = Area.trans, Observers = Observers, Bin.leng
th = Bin.length,[] 
 []


Overfull \hbox (185.24538pt too wide) in paragraph at lines 628--628
[]    \OT1/cmtt/m/n/10 Hab.cov = Hab.cov, Obs.cov = Obs.cov, n.obs.cov = n.obs.
cov, Hab.pois.formula = Hab.pois.formula,[] 
 []


Overfull \hbox (95.99615pt too wide) in paragraph at lines 629--629
[]    \OT1/cmtt/m/n/10 Hab.bern.formula = Hab.bern.formula, detect = detect, De
t.formula = Det.formula,[] 
 []


Overfull \hbox (200.99524pt too wide) in paragraph at lines 630--630
[]    \OT1/cmtt/m/n/10 Cov.prior.pdf = Cov.prior.pdf, Cov.prior.parms = Cov.pri
or.parms, Cov.prior.fixed = Cov.prior.fixed,[] 
 []


Overfull \hbox (74.99634pt too wide) in paragraph at lines 631--631
[]    \OT1/cmtt/m/n/10 Cov.prior.n = Cov.prior.n, pol.eff = NULL, ZIP = ZIP, po
int.ind = point.ind,[] 
 []


Overfull \hbox (69.74638pt too wide) in paragraph at lines 632--632
[]    \OT1/cmtt/m/n/10 spat.ind = spat.ind, fix.tau.nu = fix.tau.nu, srr = srr,
 srr.tol = srr.tol,[] 
 []


Overfull \hbox (59.24648pt too wide) in paragraph at lines 633--633
[]    \OT1/cmtt/m/n/10 misID = misID, last.ind = last.ind, cor.const = cor.cons
t, Inits = Inits,[] 
 []


Overfull \hbox (85.49625pt too wide) in paragraph at lines 634--634
[]    \OT1/cmtt/m/n/10 grps = grps, M = M, Control = Control, adapt = adapt, Pr
ior.pars = Prior.pars,[] 
 []


Overfull \hbox (74.99634pt too wide) in paragraph at lines 635--635
[]    \OT1/cmtt/m/n/10 misID.mat = misID.mat, misID.models = misID.models, misI
D.symm = misID.symm,[] 
 []


Overfull \hbox (64.49643pt too wide) in paragraph at lines 648--649
\OT1/cmtt/m/it/10 ## see http://lists.r-forge.r-project.org/mailman/listinfo/ri
skassessment-news[] 
 []


Overfull \hbox (6.74693pt too wide) in paragraph at lines 662--663
[]\OT1/cmtt/m/it/10 ## ## Copyright (C) 2003-2013 Andrew D. Martin, Kevin M. Qu
inn, and
 []

[17]
Package color Info: Redefining color shadecolor on input line 679.
 [18]
Package color Info: Redefining color shadecolor on input line 695.
Package color Info: Redefining color shadecolor on input line 710.

Overfull \hbox (48.74657pt too wide) in paragraph at lines 727--727
[]    \OT1/cmtt/m/n/10 New.dat[, isp] = []apply[](Out$Post$G[isp, iter.start:([
]dim[](Out$Post$G)[2]),[] 
 []


Overfull \hbox (6.74693pt too wide) in paragraph at lines 739--739
[][]\OT1/cmtt/m/n/10 colnames[](New.dat) = []c[]([]"Sp1.est"[], []"Sp2.est"[], 
[]"Sp1.true"[], []"Sp2.true"[])[] 
 []


Overfull \hbox (53.99652pt too wide) in paragraph at lines 767--767
[]\OT1/cmtt/m/n/10 tmp.theme = []theme[](axis.ticks = []element_blank[](), axis
.text = []element_blank[]())[] 
 []


Overfull \hbox (53.99652pt too wide) in paragraph at lines 768--768
[]\OT1/cmtt/m/n/10 p1 = []ggplot[](tmp2) + []aes[](Easting, Northing, fill = Sp
1.est) + []geom_raster[]() +[] 
 []


Overfull \hbox (53.99652pt too wide) in paragraph at lines 775--775
[]\OT1/cmtt/m/n/10 p2 = []ggplot[](tmp2) + []aes[](Easting, Northing, fill = Sp
2.est) + []geom_raster[]() +[] 
 []


Overfull \hbox (59.24648pt too wide) in paragraph at lines 782--782
[]\OT1/cmtt/m/n/10 p3 = []ggplot[](tmp2) + []aes[](Easting, Northing, fill = Sp
1.true) + []geom_raster[]() +[] 
 []


Overfull \hbox (59.24648pt too wide) in paragraph at lines 789--789
[]\OT1/cmtt/m/n/10 p4 = []ggplot[](tmp2) + []aes[](Easting, Northing, fill = Sp
2.true) + []geom_raster[]() +[] 
 []

[19] [20] <figure/graphics-example22.png, id=120, 867.24pt x 867.24pt>
File: figure/graphics-example22.png Graphic file (type png)

<use figure/graphics-example22.png> [21 <C:/Users/paul.conn/git/HierarchicalDS/
HierarchicalDS/inst/figure/graphics-example22.png (PNG copy)>]
No file HierarchicalDS_vignette.bbl.

Package natbib Warning: There were undefined citations.

Package atveryend Info: Empty hook `BeforeClearDocument' on input line 821.
[22]
Package atveryend Info: Empty hook `AfterLastShipout' on input line 821.

(C:\Users\paul.conn\git\HierarchicalDS\HierarchicalDS\inst\HierarchicalDS_vigne
tte.aux)
Package atveryend Info: Executing hook `AtVeryEndDocument' on input line 821.


Package rerunfilecheck Warning: File `HierarchicalDS_vignette.out' has changed.

(rerunfilecheck)                Rerun to get outlines right
(rerunfilecheck)                or use package `bookmark'.

Package rerunfilecheck Info: Checksums for `HierarchicalDS_vignette.out':
(rerunfilecheck)             Before: <no file>
(rerunfilecheck)             After:  9591B9F51FC7F305C3DE1F11304BB5B3;297.

LaTeX Warning: There were undefined references.


LaTeX Warning: Label(s) may have changed. Rerun to get cross-references right.

 ) 
Here is how much of TeX's memory you used:
 5851 strings out of 494019
 85268 string characters out of 3143801
 180508 words of memory out of 3000000
 8998 multiletter control sequences out of 15000+200000
 12016 words of font info for 44 fonts, out of 3000000 for 9000
 714 hyphenation exceptions out of 8191
 31i,6n,28p,2770b,402s stack positions out of 5000i,500n,10000p,200000b,50000s
<C:/Program Files (x86)/MiKTeX 2.9/fonts/type1/public/amsfonts/cm/cmbx10.pfb>
<C:/Program Files (x86)/MiKTeX 2.9/fonts/type1/public/amsfonts/cm/cmbx12.pfb><C
:/Program Files (x86)/MiKTeX 2.9/fonts/type1/public/amsfonts/cm/cmitt10.pfb><C:
/Program Files (x86)/MiKTeX 2.9/fonts/type1/public/amsfonts/cm/cmmi10.pfb><C:/P
rogram Files (x86)/MiKTeX 2.9/fonts/type1/public/amsfonts/cm/cmmi7.pfb><C:/Prog
ram Files (x86)/MiKTeX 2.9/fonts/type1/public/amsfonts/cm/cmmib10.pfb><C:/Progr
am Files (x86)/MiKTeX 2.9/fonts/type1/public/amsfonts/cm/cmr10.pfb><C:/Program 
Files (x86)/MiKTeX 2.9/fonts/type1/public/amsfonts/cm/cmr12.pfb><C:/Program Fil
es (x86)/MiKTeX 2.9/fonts/type1/public/amsfonts/cm/cmr17.pfb><C:/Program Files 
(x86)/MiKTeX 2.9/fonts/type1/public/amsfonts/cm/cmr7.pfb><C:/Program Files (x86
)/MiKTeX 2.9/fonts/type1/public/amsfonts/cm/cmsy10.pfb><C:/Program Files (x86)/
MiKTeX 2.9/fonts/type1/public/amsfonts/cm/cmsy7.pfb><C:/Program Files (x86)/MiK
TeX 2.9/fonts/type1/public/amsfonts/cm/cmti10.pfb><C:/Program Files (x86)/MiKTe
X 2.9/fonts/type1/public/amsfonts/cm/cmtt10.pfb><C:/Program Files (x86)/MiKTeX 
2.9/fonts/type1/public/amsfonts/cm/cmtt12.pfb>
Output written on HierarchicalDS_vignette.pdf (22 pages, 240814 bytes).
PDF statistics:
 190 PDF objects out of 1000 (max. 8388607)
 39 named destinations out of 1000 (max. 500000)
 6 words of extra memory for PDF output out of 10000 (max. 10000000)

